Using pre-set license
Built from '2021.3/staging' branch; Version is '2021.3.11f1 (0a5ca18544bf) revision 679073'; Using compiler version '192829333'; Build Type 'Release'
OS: 'Windows 10  (10.0.19044) 64bit Professional' Language: 'ru' Physical Memory: 8138 MB
BatchMode: 1, IsHumanControllingUs: 0, StartBugReporterOnCrash: 0, Is64bit: 1, IsPro: 1

COMMAND LINE ARGUMENTS:
E:\unity\2021.3.11f1\Editor\Unity.exe
-adb2
-batchMode
-noUpm
-name
AssetImportWorker1
-projectPath
E:/projects/Unity/power-unity-3d
-logFile
Logs/AssetImportWorker1.log
-srvPort
58413
Successfully changed project path to: E:/projects/Unity/power-unity-3d
E:/projects/Unity/power-unity-3d
[UnityMemory] Configuration Parameters - Can be set up in boot.config
    "memorysetup-bucket-allocator-granularity=16"
    "memorysetup-bucket-allocator-bucket-count=8"
    "memorysetup-bucket-allocator-block-size=33554432"
    "memorysetup-bucket-allocator-block-count=8"
    "memorysetup-main-allocator-block-size=16777216"
    "memorysetup-thread-allocator-block-size=16777216"
    "memorysetup-gfx-main-allocator-block-size=16777216"
    "memorysetup-gfx-thread-allocator-block-size=16777216"
    "memorysetup-cache-allocator-block-size=4194304"
    "memorysetup-typetree-allocator-block-size=2097152"
    "memorysetup-profiler-bucket-allocator-granularity=16"
    "memorysetup-profiler-bucket-allocator-bucket-count=8"
    "memorysetup-profiler-bucket-allocator-block-size=33554432"
    "memorysetup-profiler-bucket-allocator-block-count=8"
    "memorysetup-profiler-allocator-block-size=16777216"
    "memorysetup-profiler-editor-allocator-block-size=1048576"
    "memorysetup-temp-allocator-size-main=16777216"
    "memorysetup-job-temp-allocator-block-size=2097152"
    "memorysetup-job-temp-allocator-block-size-background=1048576"
    "memorysetup-job-temp-allocator-reduction-small-platforms=262144"
    "memorysetup-temp-allocator-size-background-worker=32768"
    "memorysetup-temp-allocator-size-job-worker=262144"
    "memorysetup-temp-allocator-size-preload-manager=33554432"
    "memorysetup-temp-allocator-size-nav-mesh-worker=65536"
    "memorysetup-temp-allocator-size-audio-worker=65536"
    "memorysetup-temp-allocator-size-cloud-worker=32768"
    "memorysetup-temp-allocator-size-gi-baking-worker=262144"
    "memorysetup-temp-allocator-size-gfx=262144"
Refreshing native plugins compatible for Editor in 45.80 ms, found 2 plugins.
Preloading 0 native plugins for Editor in 0.00 ms.
Initialize engine version: 2021.3.11f1 (0a5ca18544bf)
[Subsystems] Discovering subsystems at path E:/unity/2021.3.11f1/Editor/Data/Resources/UnitySubsystems
[Subsystems] Discovering subsystems at path E:/projects/Unity/power-unity-3d/Assets
GfxDevice: creating device client; threaded=0; jobified=0
Direct3D:
    Version:  Direct3D 11.0 [level 11.0]
    Renderer: NVIDIA GeForce GTX 750 Ti (ID=0x1380)
    Vendor:   NVIDIA
    VRAM:     2007 MB
    Driver:   30.0.15.1215
Initialize mono
Mono path[0] = 'E:/unity/2021.3.11f1/Editor/Data/Managed'
Mono path[1] = 'E:/unity/2021.3.11f1/Editor/Data/MonoBleedingEdge/lib/mono/unityjit-win32'
Mono config path = 'E:/unity/2021.3.11f1/Editor/Data/MonoBleedingEdge/etc'
Using monoOptions --debugger-agent=transport=dt_socket,embedding=1,server=y,suspend=n,address=127.0.0.1:56596
Begin MonoManager ReloadAssembly
Registering precompiled unity dll's ...
Register platform support module: E:/unity/2021.3.11f1/Editor/Data/PlaybackEngines/WebGLSupport/UnityEditor.WebGL.Extensions.dll
Register platform support module: E:/unity/2021.3.11f1/Editor/Data/PlaybackEngines/WindowsStandaloneSupport/UnityEditor.WindowsStandalone.Extensions.dll
Registered in 0.004259 seconds.
Native extension for WindowsStandalone target not found
Native extension for WebGL target not found
Refreshing native plugins compatible for Editor in 44.04 ms, found 2 plugins.
Preloading 0 native plugins for Editor in 0.00 ms.
Mono: successfully reloaded assembly
- Completed reload, in  0.838 seconds
Domain Reload Profiling:
	ReloadAssembly (839ms)
		BeginReloadAssembly (105ms)
			ExecutionOrderSort (0ms)
			DisableScriptedObjects (0ms)
			BackupInstance (0ms)
			ReleaseScriptingObjects (0ms)
			CreateAndSetChildDomain (1ms)
		EndReloadAssembly (586ms)
			LoadAssemblies (103ms)
			RebuildTransferFunctionScriptingTraits (0ms)
			SetupTypeCache (158ms)
			ReleaseScriptCaches (0ms)
			RebuildScriptCaches (42ms)
			SetupLoadedEditorAssemblies (304ms)
				LogAssemblyErrors (0ms)
				InitializePlatformSupportModulesInManaged (11ms)
				SetLoadedEditorAssemblies (0ms)
				RefreshPlugins (44ms)
				BeforeProcessingInitializeOnLoad (2ms)
				ProcessInitializeOnLoadAttributes (180ms)
				ProcessInitializeOnLoadMethodAttributes (67ms)
				AfterProcessingInitializeOnLoad (0ms)
				EditorAssembliesLoaded (0ms)
			ExecutionOrderSort2 (0ms)
			AwakeInstancesAfterBackupRestoration (0ms)
Platform modules already initialized, skipping
Registering precompiled user dll's ...
Registered in 0.003208 seconds.
Begin MonoManager ReloadAssembly
Native extension for WindowsStandalone target not found
Native extension for WebGL target not found
Refreshing native plugins compatible for Editor in 0.46 ms, found 2 plugins.
Preloading 0 native plugins for Editor in 0.00 ms.
Mono: successfully reloaded assembly
- Completed reload, in  1.280 seconds
Domain Reload Profiling:
	ReloadAssembly (1281ms)
		BeginReloadAssembly (169ms)
			ExecutionOrderSort (0ms)
			DisableScriptedObjects (9ms)
			BackupInstance (0ms)
			ReleaseScriptingObjects (0ms)
			CreateAndSetChildDomain (25ms)
		EndReloadAssembly (939ms)
			LoadAssemblies (103ms)
			RebuildTransferFunctionScriptingTraits (0ms)
			SetupTypeCache (271ms)
			ReleaseScriptCaches (0ms)
			RebuildScriptCaches (63ms)
			SetupLoadedEditorAssemblies (453ms)
				LogAssemblyErrors (0ms)
				InitializePlatformSupportModulesInManaged (8ms)
				SetLoadedEditorAssemblies (1ms)
				RefreshPlugins (1ms)
				BeforeProcessingInitializeOnLoad (71ms)
				ProcessInitializeOnLoadAttributes (320ms)
				ProcessInitializeOnLoadMethodAttributes (48ms)
				AfterProcessingInitializeOnLoad (5ms)
				EditorAssembliesLoaded (0ms)
			ExecutionOrderSort2 (0ms)
			AwakeInstancesAfterBackupRestoration (10ms)
Platform modules already initialized, skipping
========================================================================
Worker process is ready to serve import requests
Launched and connected shader compiler UnityShaderCompiler.exe after 0.07 seconds
Refreshing native plugins compatible for Editor in 0.42 ms, found 2 plugins.
Preloading 0 native plugins for Editor in 0.00 ms.
Unloading 1687 Unused Serialized files (Serialized files now loaded: 0)
Unloading 19 unused Assets / (47.8 KB). Loaded Objects now: 2152.
Memory consumption went from 72.4 MB to 72.4 MB.
Total: 4.278200 ms (FindLiveObjects: 0.205100 ms CreateObjectMapping: 0.091800 ms MarkObjects: 3.874100 ms  DeleteObjects: 0.105400 ms)

AssetImportParameters requested are different than current active one (requested -> active):
  custom:video-decoder-ogg-theora: a1e56fd34408186e4bbccfd4996cb3dc -> 
  custom:container-muxer-webm: aa71ff27fc2769a1b78a27578f13a17b -> 
  custom:container-demuxer-webm: 4f35f7cbe854078d1ac9338744f61a02 -> 
  custom:video-encoder-webm-vp8: eb34c28f22e8b96e1ab97ce403110664 -> 
  custom:audio-encoder-webm-vorbis: bf7c407c2cedff20999df2af8eb42d56 -> 
  custom:framework-win-MediaFoundation: 216162199b28c13a410421893ffa2e32 -> 
  custom:container-demuxer-ogg: 62fdf1f143b41e24485cea50d1cbac27 -> 
  custom:video-decoder-webm-vp8: 9c59270c3fd7afecdb556c50c9e8de78 -> 
  custom:audio-decoder-ogg-vorbis: bf7c407c2cedff20999df2af8eb42d56 -> 
========================================================================
Received Import Request.
  Time since last request: 680580.445692 seconds.
  path: Assets/Scenes
  artifactKey: Guid(6ea315d0fd7389c41b19996891e99ae3) Importer(815301076,1909f56bfc062723c751e8b465ee728b)
Start importing Assets/Scenes using Guid(6ea315d0fd7389c41b19996891e99ae3) Importer(815301076,1909f56bfc062723c751e8b465ee728b)  -> (artifact id: 'bc172811d573b296104adb4d2728db37') in 0.014770 seconds 
========================================================================
Received Import Request.
  Time since last request: 0.000030 seconds.
  path: Assets/Scenes/SampleScene.unity
  artifactKey: Guid(7abb2645cb253fa4e95cfe791097573f) Importer(815301076,1909f56bfc062723c751e8b465ee728b)
Start importing Assets/Scenes/SampleScene.unity using Guid(7abb2645cb253fa4e95cfe791097573f) Importer(815301076,1909f56bfc062723c751e8b465ee728b)  -> (artifact id: 'f453c753403db4743f40c865a43305c4') in 0.010785 seconds 
========================================================================
Received Import Request.
  Time since last request: 1.408724 seconds.
  path: Assets/Buildings/House.prefab
  artifactKey: Guid(c5c2b378e55a2a14b8f876d61ed01cd6) Importer(815301076,1909f56bfc062723c751e8b465ee728b)
Start importing Assets/Buildings/House.prefab using Guid(c5c2b378e55a2a14b8f876d61ed01cd6) Importer(815301076,1909f56bfc062723c751e8b465ee728b)  -> (artifact id: 'cc875efadf16cb16f08588ec4bcbe69d') in 0.604846 seconds 
========================================================================
Received Import Request.
  Time since last request: 0.000024 seconds.
  path: Assets/Buildings/Tower.prefab
  artifactKey: Guid(13840cb43b76ecc45ab55710c5914908) Importer(815301076,1909f56bfc062723c751e8b465ee728b)
Start importing Assets/Buildings/Tower.prefab using Guid(13840cb43b76ecc45ab55710c5914908) Importer(815301076,1909f56bfc062723c751e8b465ee728b)  -> (artifact id: '01fdae3fab26deeb1a45d794874441f6') in 0.020297 seconds 
========================================================================
Received Prepare
Registering precompiled user dll's ...
Registered in 0.003755 seconds.
Begin MonoManager ReloadAssembly
Native extension for WindowsStandalone target not found
Native extension for WebGL target not found
Refreshing native plugins compatible for Editor in 0.45 ms, found 2 plugins.
Preloading 0 native plugins for Editor in 0.00 ms.
Mono: successfully reloaded assembly
- Completed reload, in  1.345 seconds
Domain Reload Profiling:
	ReloadAssembly (1346ms)
		BeginReloadAssembly (162ms)
			ExecutionOrderSort (0ms)
			DisableScriptedObjects (7ms)
			BackupInstance (0ms)
			ReleaseScriptingObjects (0ms)
			CreateAndSetChildDomain (37ms)
		EndReloadAssembly (1052ms)
			LoadAssemblies (104ms)
			RebuildTransferFunctionScriptingTraits (0ms)
			SetupTypeCache (278ms)
			ReleaseScriptCaches (1ms)
			RebuildScriptCaches (60ms)
			SetupLoadedEditorAssemblies (539ms)
				LogAssemblyErrors (0ms)
				InitializePlatformSupportModulesInManaged (18ms)
				SetLoadedEditorAssemblies (1ms)
				RefreshPlugins (1ms)
				BeforeProcessingInitializeOnLoad (60ms)
				ProcessInitializeOnLoadAttributes (393ms)
				ProcessInitializeOnLoadMethodAttributes (60ms)
				AfterProcessingInitializeOnLoad (7ms)
				EditorAssembliesLoaded (0ms)
			ExecutionOrderSort2 (0ms)
			AwakeInstancesAfterBackupRestoration (13ms)
Platform modules already initialized, skipping
Refreshing native plugins compatible for Editor in 1.89 ms, found 2 plugins.
Preloading 0 native plugins for Editor in 0.00 ms.
Unloading 1681 Unused Serialized files (Serialized files now loaded: 0)
Unloading 12 unused Assets / (24.6 KB). Loaded Objects now: 2164.
Memory consumption went from 76.5 MB to 76.5 MB.
Total: 4.169000 ms (FindLiveObjects: 0.163600 ms CreateObjectMapping: 0.060400 ms MarkObjects: 3.908400 ms  DeleteObjects: 0.034500 ms)

AssetImportParameters requested are different than current active one (requested -> active):
  custom:video-decoder-ogg-theora: a1e56fd34408186e4bbccfd4996cb3dc -> 
  custom:container-muxer-webm: aa71ff27fc2769a1b78a27578f13a17b -> 
  custom:container-demuxer-webm: 4f35f7cbe854078d1ac9338744f61a02 -> 
  custom:video-encoder-webm-vp8: eb34c28f22e8b96e1ab97ce403110664 -> 
  custom:audio-encoder-webm-vorbis: bf7c407c2cedff20999df2af8eb42d56 -> 
  custom:framework-win-MediaFoundation: 216162199b28c13a410421893ffa2e32 -> 
  custom:container-demuxer-ogg: 62fdf1f143b41e24485cea50d1cbac27 -> 
  custom:video-decoder-webm-vp8: 9c59270c3fd7afecdb556c50c9e8de78 -> 
  custom:audio-decoder-ogg-vorbis: bf7c407c2cedff20999df2af8eb42d56 -> 
========================================================================
Received Prepare
Registering precompiled user dll's ...
Registered in 0.003199 seconds.
Begin MonoManager ReloadAssembly
Native extension for WindowsStandalone target not found
Native extension for WebGL target not found
Refreshing native plugins compatible for Editor in 0.43 ms, found 2 plugins.
Preloading 0 native plugins for Editor in 0.00 ms.
Mono: successfully reloaded assembly
- Completed reload, in  1.369 seconds
Domain Reload Profiling:
	ReloadAssembly (1371ms)
		BeginReloadAssembly (168ms)
			ExecutionOrderSort (0ms)
			DisableScriptedObjects (9ms)
			BackupInstance (0ms)
			ReleaseScriptingObjects (0ms)
			CreateAndSetChildDomain (39ms)
		EndReloadAssembly (1068ms)
			LoadAssemblies (108ms)
			RebuildTransferFunctionScriptingTraits (0ms)
			SetupTypeCache (262ms)
			ReleaseScriptCaches (1ms)
			RebuildScriptCaches (56ms)
			SetupLoadedEditorAssemblies (577ms)
				LogAssemblyErrors (0ms)
				InitializePlatformSupportModulesInManaged (18ms)
				SetLoadedEditorAssemblies (1ms)
				RefreshPlugins (1ms)
				BeforeProcessingInitializeOnLoad (62ms)
				ProcessInitializeOnLoadAttributes (434ms)
				ProcessInitializeOnLoadMethodAttributes (56ms)
				AfterProcessingInitializeOnLoad (6ms)
				EditorAssembliesLoaded (0ms)
			ExecutionOrderSort2 (0ms)
			AwakeInstancesAfterBackupRestoration (12ms)
Platform modules already initialized, skipping
Refreshing native plugins compatible for Editor in 1.63 ms, found 2 plugins.
Preloading 0 native plugins for Editor in 0.00 ms.
Unloading 1681 Unused Serialized files (Serialized files now loaded: 0)
Unloading 12 unused Assets / (24.7 KB). Loaded Objects now: 2167.
Memory consumption went from 76.5 MB to 76.5 MB.
Total: 4.268600 ms (FindLiveObjects: 0.163600 ms CreateObjectMapping: 0.086900 ms MarkObjects: 3.984700 ms  DeleteObjects: 0.031800 ms)

AssetImportParameters requested are different than current active one (requested -> active):
  custom:video-decoder-ogg-theora: a1e56fd34408186e4bbccfd4996cb3dc -> 
  custom:container-muxer-webm: aa71ff27fc2769a1b78a27578f13a17b -> 
  custom:container-demuxer-webm: 4f35f7cbe854078d1ac9338744f61a02 -> 
  custom:video-encoder-webm-vp8: eb34c28f22e8b96e1ab97ce403110664 -> 
  custom:audio-encoder-webm-vorbis: bf7c407c2cedff20999df2af8eb42d56 -> 
  custom:framework-win-MediaFoundation: 216162199b28c13a410421893ffa2e32 -> 
  custom:container-demuxer-ogg: 62fdf1f143b41e24485cea50d1cbac27 -> 
  custom:video-decoder-webm-vp8: 9c59270c3fd7afecdb556c50c9e8de78 -> 
  custom:audio-decoder-ogg-vorbis: bf7c407c2cedff20999df2af8eb42d56 -> 
========================================================================
Received Prepare
Registering precompiled user dll's ...
Registered in 0.003799 seconds.
Begin MonoManager ReloadAssembly
Native extension for WindowsStandalone target not found
Native extension for WebGL target not found
Refreshing native plugins compatible for Editor in 0.51 ms, found 2 plugins.
Preloading 0 native plugins for Editor in 0.00 ms.
Mono: successfully reloaded assembly
- Completed reload, in  1.379 seconds
Domain Reload Profiling:
	ReloadAssembly (1380ms)
		BeginReloadAssembly (165ms)
			ExecutionOrderSort (0ms)
			DisableScriptedObjects (9ms)
			BackupInstance (0ms)
			ReleaseScriptingObjects (0ms)
			CreateAndSetChildDomain (39ms)
		EndReloadAssembly (1076ms)
			LoadAssemblies (107ms)
			RebuildTransferFunctionScriptingTraits (0ms)
			SetupTypeCache (267ms)
			ReleaseScriptCaches (1ms)
			RebuildScriptCaches (54ms)
			SetupLoadedEditorAssemblies (580ms)
				LogAssemblyErrors (0ms)
				InitializePlatformSupportModulesInManaged (29ms)
				SetLoadedEditorAssemblies (1ms)
				RefreshPlugins (1ms)
				BeforeProcessingInitializeOnLoad (84ms)
				ProcessInitializeOnLoadAttributes (401ms)
				ProcessInitializeOnLoadMethodAttributes (58ms)
				AfterProcessingInitializeOnLoad (6ms)
				EditorAssembliesLoaded (0ms)
			ExecutionOrderSort2 (0ms)
			AwakeInstancesAfterBackupRestoration (13ms)
Platform modules already initialized, skipping
Refreshing native plugins compatible for Editor in 1.52 ms, found 2 plugins.
Preloading 0 native plugins for Editor in 0.00 ms.
Unloading 1681 Unused Serialized files (Serialized files now loaded: 0)
Unloading 12 unused Assets / (24.6 KB). Loaded Objects now: 2170.
Memory consumption went from 76.5 MB to 76.5 MB.
Total: 5.005400 ms (FindLiveObjects: 0.290400 ms CreateObjectMapping: 0.094700 ms MarkObjects: 4.592900 ms  DeleteObjects: 0.025900 ms)

AssetImportParameters requested are different than current active one (requested -> active):
  custom:video-decoder-ogg-theora: a1e56fd34408186e4bbccfd4996cb3dc -> 
  custom:container-muxer-webm: aa71ff27fc2769a1b78a27578f13a17b -> 
  custom:container-demuxer-webm: 4f35f7cbe854078d1ac9338744f61a02 -> 
  custom:video-encoder-webm-vp8: eb34c28f22e8b96e1ab97ce403110664 -> 
  custom:audio-encoder-webm-vorbis: bf7c407c2cedff20999df2af8eb42d56 -> 
  custom:framework-win-MediaFoundation: 216162199b28c13a410421893ffa2e32 -> 
  custom:container-demuxer-ogg: 62fdf1f143b41e24485cea50d1cbac27 -> 
  custom:video-decoder-webm-vp8: 9c59270c3fd7afecdb556c50c9e8de78 -> 
  custom:audio-decoder-ogg-vorbis: bf7c407c2cedff20999df2af8eb42d56 -> 
========================================================================
Received Prepare
Registering precompiled user dll's ...
Registered in 0.002936 seconds.
Begin MonoManager ReloadAssembly
Native extension for WindowsStandalone target not found
Native extension for WebGL target not found
Refreshing native plugins compatible for Editor in 0.48 ms, found 2 plugins.
Preloading 0 native plugins for Editor in 0.00 ms.
Mono: successfully reloaded assembly
- Completed reload, in  1.374 seconds
Domain Reload Profiling:
	ReloadAssembly (1375ms)
		BeginReloadAssembly (175ms)
			ExecutionOrderSort (0ms)
			DisableScriptedObjects (10ms)
			BackupInstance (0ms)
			ReleaseScriptingObjects (0ms)
			CreateAndSetChildDomain (38ms)
		EndReloadAssembly (1061ms)
			LoadAssemblies (118ms)
			RebuildTransferFunctionScriptingTraits (0ms)
			SetupTypeCache (264ms)
			ReleaseScriptCaches (1ms)
			RebuildScriptCaches (56ms)
			SetupLoadedEditorAssemblies (563ms)
				LogAssemblyErrors (0ms)
				InitializePlatformSupportModulesInManaged (18ms)
				SetLoadedEditorAssemblies (1ms)
				RefreshPlugins (1ms)
				BeforeProcessingInitializeOnLoad (61ms)
				ProcessInitializeOnLoadAttributes (413ms)
				ProcessInitializeOnLoadMethodAttributes (63ms)
				AfterProcessingInitializeOnLoad (6ms)
				EditorAssembliesLoaded (1ms)
			ExecutionOrderSort2 (0ms)
			AwakeInstancesAfterBackupRestoration (13ms)
Platform modules already initialized, skipping
Refreshing native plugins compatible for Editor in 2.11 ms, found 2 plugins.
Preloading 0 native plugins for Editor in 0.00 ms.
Unloading 1681 Unused Serialized files (Serialized files now loaded: 0)
Unloading 12 unused Assets / (24.6 KB). Loaded Objects now: 2173.
Memory consumption went from 76.6 MB to 76.5 MB.
Total: 4.061100 ms (FindLiveObjects: 0.181400 ms CreateObjectMapping: 0.060500 ms MarkObjects: 3.792400 ms  DeleteObjects: 0.025400 ms)

AssetImportParameters requested are different than current active one (requested -> active):
  custom:video-decoder-ogg-theora: a1e56fd34408186e4bbccfd4996cb3dc -> 
  custom:container-muxer-webm: aa71ff27fc2769a1b78a27578f13a17b -> 
  custom:container-demuxer-webm: 4f35f7cbe854078d1ac9338744f61a02 -> 
  custom:video-encoder-webm-vp8: eb34c28f22e8b96e1ab97ce403110664 -> 
  custom:audio-encoder-webm-vorbis: bf7c407c2cedff20999df2af8eb42d56 -> 
  custom:framework-win-MediaFoundation: 216162199b28c13a410421893ffa2e32 -> 
  custom:container-demuxer-ogg: 62fdf1f143b41e24485cea50d1cbac27 -> 
  custom:video-decoder-webm-vp8: 9c59270c3fd7afecdb556c50c9e8de78 -> 
  custom:audio-decoder-ogg-vorbis: bf7c407c2cedff20999df2af8eb42d56 -> 
========================================================================
Received Prepare
Registering precompiled user dll's ...
Registered in 0.003127 seconds.
Begin MonoManager ReloadAssembly
Native extension for WindowsStandalone target not found
Native extension for WebGL target not found
Refreshing native plugins compatible for Editor in 0.44 ms, found 2 plugins.
Preloading 0 native plugins for Editor in 0.00 ms.
Mono: successfully reloaded assembly
- Completed reload, in  1.378 seconds
Domain Reload Profiling:
	ReloadAssembly (1379ms)
		BeginReloadAssembly (167ms)
			ExecutionOrderSort (0ms)
			DisableScriptedObjects (9ms)
			BackupInstance (0ms)
			ReleaseScriptingObjects (0ms)
			CreateAndSetChildDomain (42ms)
		EndReloadAssembly (1071ms)
			LoadAssemblies (101ms)
			RebuildTransferFunctionScriptingTraits (0ms)
			SetupTypeCache (261ms)
			ReleaseScriptCaches (1ms)
			RebuildScriptCaches (57ms)
			SetupLoadedEditorAssemblies (579ms)
				LogAssemblyErrors (0ms)
				InitializePlatformSupportModulesInManaged (18ms)
				SetLoadedEditorAssemblies (1ms)
				RefreshPlugins (1ms)
				BeforeProcessingInitializeOnLoad (65ms)
				ProcessInitializeOnLoadAttributes (430ms)
				ProcessInitializeOnLoadMethodAttributes (60ms)
				AfterProcessingInitializeOnLoad (5ms)
				EditorAssembliesLoaded (0ms)
			ExecutionOrderSort2 (0ms)
			AwakeInstancesAfterBackupRestoration (14ms)
Platform modules already initialized, skipping
Refreshing native plugins compatible for Editor in 2.60 ms, found 2 plugins.
Preloading 0 native plugins for Editor in 0.00 ms.
Unloading 1681 Unused Serialized files (Serialized files now loaded: 0)
Unloading 12 unused Assets / (24.6 KB). Loaded Objects now: 2176.
Memory consumption went from 76.6 MB to 76.5 MB.
Total: 5.210800 ms (FindLiveObjects: 0.174100 ms CreateObjectMapping: 0.062100 ms MarkObjects: 4.943600 ms  DeleteObjects: 0.029000 ms)

AssetImportParameters requested are different than current active one (requested -> active):
  custom:video-decoder-ogg-theora: a1e56fd34408186e4bbccfd4996cb3dc -> 
  custom:container-muxer-webm: aa71ff27fc2769a1b78a27578f13a17b -> 
  custom:container-demuxer-webm: 4f35f7cbe854078d1ac9338744f61a02 -> 
  custom:video-encoder-webm-vp8: eb34c28f22e8b96e1ab97ce403110664 -> 
  custom:audio-encoder-webm-vorbis: bf7c407c2cedff20999df2af8eb42d56 -> 
  custom:framework-win-MediaFoundation: 216162199b28c13a410421893ffa2e32 -> 
  custom:container-demuxer-ogg: 62fdf1f143b41e24485cea50d1cbac27 -> 
  custom:video-decoder-webm-vp8: 9c59270c3fd7afecdb556c50c9e8de78 -> 
  custom:audio-decoder-ogg-vorbis: bf7c407c2cedff20999df2af8eb42d56 -> 
========================================================================
Received Import Request.
  Time since last request: 666.838447 seconds.
  path: Assets/simple_low_poly_village_buildings/textures/houses.tga
  artifactKey: Guid(06421763ef165f748818fe3108a60c56) Importer(815301076,1909f56bfc062723c751e8b465ee728b)
Start importing Assets/simple_low_poly_village_buildings/textures/houses.tga using Guid(06421763ef165f748818fe3108a60c56) Importer(815301076,1909f56bfc062723c751e8b465ee728b)  -> (artifact id: '216137c3a5a6f16c4bbf965e63684cb4') in 0.136025 seconds 
========================================================================
Received Import Request.
  Time since last request: 2.797978 seconds.
  path: Assets/simple_low_poly_village_buildings/models/bucket.prefab
  artifactKey: Guid(fc6bfcb27fe9f8a418aaa5f607cc7d64) Importer(815301076,1909f56bfc062723c751e8b465ee728b)
Start importing Assets/simple_low_poly_village_buildings/models/bucket.prefab using Guid(fc6bfcb27fe9f8a418aaa5f607cc7d64) Importer(815301076,1909f56bfc062723c751e8b465ee728b)  -> (artifact id: '440754dc3eccd267a6029b0b000d8b59') in 0.062822 seconds 
========================================================================
Received Import Request.
  Time since last request: 0.000030 seconds.
  path: Assets/simple_low_poly_village_buildings/models/farm_house_lvl3.prefab
  artifactKey: Guid(01d8db7f314b2504284646720569ebee) Importer(815301076,1909f56bfc062723c751e8b465ee728b)
Start importing Assets/simple_low_poly_village_buildings/models/farm_house_lvl3.prefab using Guid(01d8db7f314b2504284646720569ebee) Importer(815301076,1909f56bfc062723c751e8b465ee728b)  -> (artifact id: '1a2712e24aeeb9bc3346bbb70e0fb88c') in 0.022073 seconds 
========================================================================
Received Import Request.
  Time since last request: 0.000038 seconds.
  path: Assets/simple_low_poly_village_buildings/models/farm_house_lvl4.prefab
  artifactKey: Guid(1f434b7092c98b9498412a8ed230d22d) Importer(815301076,1909f56bfc062723c751e8b465ee728b)
Start importing Assets/simple_low_poly_village_buildings/models/farm_house_lvl4.prefab using Guid(1f434b7092c98b9498412a8ed230d22d) Importer(815301076,1909f56bfc062723c751e8b465ee728b)  -> (artifact id: '9381043d9bc52832269dc36dad99a14e') in 0.026985 seconds 
========================================================================
Received Import Request.
  Time since last request: 0.000023 seconds.
  path: Assets/simple_low_poly_village_buildings/models/farm_house_lvl5.prefab
  artifactKey: Guid(85725236ec9751e4b95ca6e9b1a46845) Importer(815301076,1909f56bfc062723c751e8b465ee728b)
Start importing Assets/simple_low_poly_village_buildings/models/farm_house_lvl5.prefab using Guid(85725236ec9751e4b95ca6e9b1a46845) Importer(815301076,1909f56bfc062723c751e8b465ee728b)  -> (artifact id: '23c8f97a7c4b202036cbc15c0c96667e') in 0.028885 seconds 
========================================================================
Received Import Request.
  Time since last request: 0.000024 seconds.
  path: Assets/simple_low_poly_village_buildings/models/house_lvl3.prefab
  artifactKey: Guid(9836dcd00a6903040804e82bf876375f) Importer(815301076,1909f56bfc062723c751e8b465ee728b)
Start importing Assets/simple_low_poly_village_buildings/models/house_lvl3.prefab using Guid(9836dcd00a6903040804e82bf876375f) Importer(815301076,1909f56bfc062723c751e8b465ee728b)  -> (artifact id: '421cc0670cded70a365a23bd150f299d') in 0.025851 seconds 
========================================================================
Received Import Request.
  Time since last request: 0.000029 seconds.
  path: Assets/simple_low_poly_village_buildings/models/farm_lvl4.prefab
  artifactKey: Guid(f25d70485ba2a1f43aba11baac1b4d3b) Importer(815301076,1909f56bfc062723c751e8b465ee728b)
Start importing Assets/simple_low_poly_village_buildings/models/farm_lvl4.prefab using Guid(f25d70485ba2a1f43aba11baac1b4d3b) Importer(815301076,1909f56bfc062723c751e8b465ee728b)  -> (artifact id: 'c9f1b81a6def0764a91b9f2924921739') in 0.022394 seconds 
========================================================================
Received Import Request.
  Time since last request: 0.000026 seconds.
  path: Assets/simple_low_poly_village_buildings/models/farm_house_lvl2.prefab
  artifactKey: Guid(65ead04d94056194d871a15a66397d18) Importer(815301076,1909f56bfc062723c751e8b465ee728b)
Start importing Assets/simple_low_poly_village_buildings/models/farm_house_lvl2.prefab using Guid(65ead04d94056194d871a15a66397d18) Importer(815301076,1909f56bfc062723c751e8b465ee728b)  -> (artifact id: 'dfc02044b7ec59a8b1ca96d796cda3c4') in 0.031137 seconds 
========================================================================
Received Import Request.
  Time since last request: 0.000026 seconds.
  path: Assets/simple_low_poly_village_buildings/models/crate.prefab
  artifactKey: Guid(3f75115cad4290d40a5eb8d65a599852) Importer(815301076,1909f56bfc062723c751e8b465ee728b)
Start importing Assets/simple_low_poly_village_buildings/models/crate.prefab using Guid(3f75115cad4290d40a5eb8d65a599852) Importer(815301076,1909f56bfc062723c751e8b465ee728b)  -> (artifact id: '7b18bd56475a0674459756f7891b3fba') in 0.019666 seconds 
========================================================================
Received Import Request.
  Time since last request: 0.000026 seconds.
  path: Assets/simple_low_poly_village_buildings/models/tower_lvl2.prefab
  artifactKey: Guid(afa55699f228cf2438920a8d9af4cd6b) Importer(815301076,1909f56bfc062723c751e8b465ee728b)
Start importing Assets/simple_low_poly_village_buildings/models/tower_lvl2.prefab using Guid(afa55699f228cf2438920a8d9af4cd6b) Importer(815301076,1909f56bfc062723c751e8b465ee728b)  -> (artifact id: '603dc6877995527ed10e5431e8e4fd04') in 0.027076 seconds 
========================================================================
Received Import Request.
  Time since last request: 0.000029 seconds.
  path: Assets/simple_low_poly_village_buildings/models/farm_lvl3.prefab
  artifactKey: Guid(39602244c4b0f5849bdf3b872af2d4a2) Importer(815301076,1909f56bfc062723c751e8b465ee728b)
Start importing Assets/simple_low_poly_village_buildings/models/farm_lvl3.prefab using Guid(39602244c4b0f5849bdf3b872af2d4a2) Importer(815301076,1909f56bfc062723c751e8b465ee728b)  -> (artifact id: '67d023e96e688d428a029139eebbe691') in 0.029438 seconds 
========================================================================
Received Import Request.
  Time since last request: 0.000060 seconds.
  path: Assets/simple_low_poly_village_buildings/models/grass1.prefab
  artifactKey: Guid(6114ef0be58cc8e4aab0b2adb459b092) Importer(815301076,1909f56bfc062723c751e8b465ee728b)
Start importing Assets/simple_low_poly_village_buildings/models/grass1.prefab using Guid(6114ef0be58cc8e4aab0b2adb459b092) Importer(815301076,1909f56bfc062723c751e8b465ee728b)  -> (artifact id: '0066137971e5ac45581d1874af6a22a6') in 0.031651 seconds 
========================================================================
Received Import Request.
  Time since last request: 0.000022 seconds.
  path: Assets/simple_low_poly_village_buildings/models/fence.prefab
  artifactKey: Guid(956556a458e052645a695d553424942e) Importer(815301076,1909f56bfc062723c751e8b465ee728b)
Start importing Assets/simple_low_poly_village_buildings/models/fence.prefab using Guid(956556a458e052645a695d553424942e) Importer(815301076,1909f56bfc062723c751e8b465ee728b)  -> (artifact id: '16c426826f5b5b4c6d62436f4d12ab54') in 0.023891 seconds 
========================================================================
Received Import Request.
  Time since last request: 0.000031 seconds.
  path: Assets/simple_low_poly_village_buildings/models/farm_lvl1.prefab
  artifactKey: Guid(8f99e841dd173bf418e8d3d841ec7686) Importer(815301076,1909f56bfc062723c751e8b465ee728b)
Start importing Assets/simple_low_poly_village_buildings/models/farm_lvl1.prefab using Guid(8f99e841dd173bf418e8d3d841ec7686) Importer(815301076,1909f56bfc062723c751e8b465ee728b)  -> (artifact id: '857df9acb54b58815508bd78dfe2a90c') in 0.025913 seconds 
========================================================================
Received Import Request.
  Time since last request: 0.000021 seconds.
  path: Assets/simple_low_poly_village_buildings/models/farm_lvl2.prefab
  artifactKey: Guid(2f730ac7abafbbb4a87d4d03cbe47846) Importer(815301076,1909f56bfc062723c751e8b465ee728b)
Start importing Assets/simple_low_poly_village_buildings/models/farm_lvl2.prefab using Guid(2f730ac7abafbbb4a87d4d03cbe47846) Importer(815301076,1909f56bfc062723c751e8b465ee728b)  -> (artifact id: '59277fc3c39d8b0ed9b2578ce075697a') in 0.032902 seconds 
========================================================================
Received Import Request.
  Time since last request: 0.000121 seconds.
  path: Assets/simple_low_poly_village_buildings/models/tower_lvl4.prefab
  artifactKey: Guid(37e529ea4624e3b46a8e325e0288c883) Importer(815301076,1909f56bfc062723c751e8b465ee728b)
Start importing Assets/simple_low_poly_village_buildings/models/tower_lvl4.prefab using Guid(37e529ea4624e3b46a8e325e0288c883) Importer(815301076,1909f56bfc062723c751e8b465ee728b)  -> (artifact id: '58fcdedec6a77045a0374280c1e4f153') in 0.028374 seconds 
========================================================================
Received Import Request.
  Time since last request: 0.000023 seconds.
  path: Assets/simple_low_poly_village_buildings/models/tower_lvl1.prefab
  artifactKey: Guid(5a0564be916f44248bc20e6c25a796ce) Importer(815301076,1909f56bfc062723c751e8b465ee728b)
Start importing Assets/simple_low_poly_village_buildings/models/tower_lvl1.prefab using Guid(5a0564be916f44248bc20e6c25a796ce) Importer(815301076,1909f56bfc062723c751e8b465ee728b)  -> (artifact id: 'c52dd1d59f9df3f8c3355c9c3cbad48f') in 0.026855 seconds 
========================================================================
Received Import Request.
  Time since last request: 0.000027 seconds.
  path: Assets/simple_low_poly_village_buildings/models/farm_lvl6.prefab
  artifactKey: Guid(70a1d25cf2c8f554a8834daff6ea3aa3) Importer(815301076,1909f56bfc062723c751e8b465ee728b)
Start importing Assets/simple_low_poly_village_buildings/models/farm_lvl6.prefab using Guid(70a1d25cf2c8f554a8834daff6ea3aa3) Importer(815301076,1909f56bfc062723c751e8b465ee728b)  -> (artifact id: 'c666a79c6cf432da74356a9287754928') in 0.030107 seconds 
========================================================================
Received Import Request.
  Time since last request: 0.000033 seconds.
  path: Assets/simple_low_poly_village_buildings/models/tower_lvl5.prefab
  artifactKey: Guid(7055499f8c77b754eaa7ce40756b567d) Importer(815301076,1909f56bfc062723c751e8b465ee728b)
Start importing Assets/simple_low_poly_village_buildings/models/tower_lvl5.prefab using Guid(7055499f8c77b754eaa7ce40756b567d) Importer(815301076,1909f56bfc062723c751e8b465ee728b)  -> (artifact id: 'fadb4e92046958f03e691b714465cb04') in 0.038159 seconds 
========================================================================
Received Import Request.
  Time since last request: 0.000046 seconds.
  path: Assets/simple_low_poly_village_buildings/models/rock1.prefab
  artifactKey: Guid(edefab1388e20cf4ba93862e3fdf266d) Importer(815301076,1909f56bfc062723c751e8b465ee728b)
Start importing Assets/simple_low_poly_village_buildings/models/rock1.prefab using Guid(edefab1388e20cf4ba93862e3fdf266d) Importer(815301076,1909f56bfc062723c751e8b465ee728b)  -> (artifact id: 'a1629f2d5807a74230af4e77615a4a58') in 0.035648 seconds 
========================================================================
Received Import Request.
  Time since last request: 0.000042 seconds.
  path: Assets/simple_low_poly_village_buildings/models/tomato2.prefab
  artifactKey: Guid(6fd64ca8439abd14d91ad354ea33d426) Importer(815301076,1909f56bfc062723c751e8b465ee728b)
Start importing Assets/simple_low_poly_village_buildings/models/tomato2.prefab using Guid(6fd64ca8439abd14d91ad354ea33d426) Importer(815301076,1909f56bfc062723c751e8b465ee728b)  -> (artifact id: 'c79e937d52a84e5718d9e928d91dce25') in 0.027728 seconds 
========================================================================
Received Import Request.
  Time since last request: 0.000028 seconds.
  path: Assets/simple_low_poly_village_buildings/models/tomato1.prefab
  artifactKey: Guid(54fd9a4c732e5e94da8fd65b27cf301f) Importer(815301076,1909f56bfc062723c751e8b465ee728b)
Start importing Assets/simple_low_poly_village_buildings/models/tomato1.prefab using Guid(54fd9a4c732e5e94da8fd65b27cf301f) Importer(815301076,1909f56bfc062723c751e8b465ee728b)  -> (artifact id: 'eb09f2e6781ec1bac5cdb1cf3f5e398a') in 0.029380 seconds 
========================================================================
Received Import Request.
  Time since last request: 7.621202 seconds.
  path: Assets/simple_low_poly_village_buildings/materials/houses.mat
  artifactKey: Guid(30d2c0caf0ebf2748b15e3aa63202a2a) Importer(815301076,1909f56bfc062723c751e8b465ee728b)
Start importing Assets/simple_low_poly_village_buildings/materials/houses.mat using Guid(30d2c0caf0ebf2748b15e3aa63202a2a) Importer(815301076,1909f56bfc062723c751e8b465ee728b)  -> (artifact id: '15df131b870661e32502fbc93ac1475c') in 0.068652 seconds 
========================================================================
Received Import Request.
  Time since last request: 1.585244 seconds.
  path: Assets/simple_low_poly_village_buildings/fbx/bucket.FBX
  artifactKey: Guid(9ba4236f42449b34f9b7da8571066ae6) Importer(815301076,1909f56bfc062723c751e8b465ee728b)
Start importing Assets/simple_low_poly_village_buildings/fbx/bucket.FBX using Guid(9ba4236f42449b34f9b7da8571066ae6) Importer(815301076,1909f56bfc062723c751e8b465ee728b)  -> (artifact id: '4f24b6823c18eb6397da7352faf027b4') in 0.502200 seconds 
========================================================================
Received Import Request.
  Time since last request: 0.000037 seconds.
  path: Assets/simple_low_poly_village_buildings/fbx/hay1.FBX
  artifactKey: Guid(d589351329383b1489ee574cca2d983f) Importer(815301076,1909f56bfc062723c751e8b465ee728b)
Start importing Assets/simple_low_poly_village_buildings/fbx/hay1.FBX using Guid(d589351329383b1489ee574cca2d983f) Importer(815301076,1909f56bfc062723c751e8b465ee728b)  -> (artifact id: 'dfaf7986c5f5885e6c3d8d20491d7b75') in 0.033389 seconds 
========================================================================
Received Import Request.
  Time since last request: 0.000045 seconds.
  path: Assets/simple_low_poly_village_buildings/fbx/farm_lvl1.FBX
  artifactKey: Guid(e8b7e6290d933f34f9071d67c3f1e7f8) Importer(815301076,1909f56bfc062723c751e8b465ee728b)
Start importing Assets/simple_low_poly_village_buildings/fbx/farm_lvl1.FBX using Guid(e8b7e6290d933f34f9071d67c3f1e7f8) Importer(815301076,1909f56bfc062723c751e8b465ee728b)  -> (artifact id: '0d520660159ac4c14f7eef865c60198d') in 0.034115 seconds 
========================================================================
Received Import Request.
  Time since last request: 0.000028 seconds.
  path: Assets/simple_low_poly_village_buildings/fbx/house_lvl3.FBX
  artifactKey: Guid(ff0c5730e5fa3234caf0037697be949a) Importer(815301076,1909f56bfc062723c751e8b465ee728b)
Start importing Assets/simple_low_poly_village_buildings/fbx/house_lvl3.FBX using Guid(ff0c5730e5fa3234caf0037697be949a) Importer(815301076,1909f56bfc062723c751e8b465ee728b)  -> (artifact id: '43dba5cefc63454174900ca1e65e0abf') in 0.039933 seconds 
========================================================================
Received Import Request.
  Time since last request: 0.000033 seconds.
  path: Assets/simple_low_poly_village_buildings/fbx/farm_lvl4.FBX
  artifactKey: Guid(63c62f1eacfa5c248b748fd46b253c20) Importer(815301076,1909f56bfc062723c751e8b465ee728b)
Start importing Assets/simple_low_poly_village_buildings/fbx/farm_lvl4.FBX using Guid(63c62f1eacfa5c248b748fd46b253c20) Importer(815301076,1909f56bfc062723c751e8b465ee728b)  -> (artifact id: '81e3363b189149ee075beec63bcf959d') in 0.036727 seconds 
========================================================================
Received Import Request.
  Time since last request: 0.000031 seconds.
  path: Assets/simple_low_poly_village_buildings/fbx/tower_lvl7.FBX
  artifactKey: Guid(238f3d8957882a74a86241dac4a450ea) Importer(815301076,1909f56bfc062723c751e8b465ee728b)
Start importing Assets/simple_low_poly_village_buildings/fbx/tower_lvl7.FBX using Guid(238f3d8957882a74a86241dac4a450ea) Importer(815301076,1909f56bfc062723c751e8b465ee728b)  -> (artifact id: '5ef064206bf22e0c25b40295b65d486a') in 0.040893 seconds 
========================================================================
Received Import Request.
  Time since last request: 0.000046 seconds.
  path: Assets/simple_low_poly_village_buildings/fbx/rock2.FBX
  artifactKey: Guid(caa6c0d1b312da443acdf66f41ebaa52) Importer(815301076,1909f56bfc062723c751e8b465ee728b)
Start importing Assets/simple_low_poly_village_buildings/fbx/rock2.FBX using Guid(caa6c0d1b312da443acdf66f41ebaa52) Importer(815301076,1909f56bfc062723c751e8b465ee728b)  -> (artifact id: 'f72c7093a87046a1aac13832efdf56ac') in 0.035940 seconds 
========================================================================
Received Import Request.
  Time since last request: 0.000025 seconds.
  path: Assets/simple_low_poly_village_buildings/fbx/farm_lvl5.FBX
  artifactKey: Guid(3046ffab76ef8a2459125ddd7502081b) Importer(815301076,1909f56bfc062723c751e8b465ee728b)
Start importing Assets/simple_low_poly_village_buildings/fbx/farm_lvl5.FBX using Guid(3046ffab76ef8a2459125ddd7502081b) Importer(815301076,1909f56bfc062723c751e8b465ee728b)  -> (artifact id: '2179d0cb5826a489b7bcfb6a9b2ed1e4') in 0.050166 seconds 
========================================================================
Received Import Request.
  Time since last request: 0.000038 seconds.
  path: Assets/simple_low_poly_village_buildings/fbx/house_lvl2.FBX
  artifactKey: Guid(aa4bbc9f80f4e59468469077a836313b) Importer(815301076,1909f56bfc062723c751e8b465ee728b)
Start importing Assets/simple_low_poly_village_buildings/fbx/house_lvl2.FBX using Guid(aa4bbc9f80f4e59468469077a836313b) Importer(815301076,1909f56bfc062723c751e8b465ee728b)  -> (artifact id: 'f8672a91b3dc4ecc152e2ed1acc22238') in 0.039521 seconds 
========================================================================
Received Import Request.
  Time since last request: 0.000031 seconds.
  path: Assets/simple_low_poly_village_buildings/fbx/house_lvl7.FBX
  artifactKey: Guid(f727ded922603934b962032566006696) Importer(815301076,1909f56bfc062723c751e8b465ee728b)
Start importing Assets/simple_low_poly_village_buildings/fbx/house_lvl7.FBX using Guid(f727ded922603934b962032566006696) Importer(815301076,1909f56bfc062723c751e8b465ee728b)  -> (artifact id: '725a6f8f5d71e5da5d88614300565a5b') in 0.040145 seconds 
========================================================================
Received Import Request.
  Time since last request: 0.000028 seconds.
  path: Assets/simple_low_poly_village_buildings/fbx/farm_lvl2.FBX
  artifactKey: Guid(9454327dc1c4c0a4fb9d90fb45bf77d6) Importer(815301076,1909f56bfc062723c751e8b465ee728b)
Start importing Assets/simple_low_poly_village_buildings/fbx/farm_lvl2.FBX using Guid(9454327dc1c4c0a4fb9d90fb45bf77d6) Importer(815301076,1909f56bfc062723c751e8b465ee728b)  -> (artifact id: 'f4a08db61c38553a8505f89a3cb9cdd5') in 0.039174 seconds 
========================================================================
Received Import Request.
  Time since last request: 0.000028 seconds.
  path: Assets/simple_low_poly_village_buildings/fbx/grass2.FBX
  artifactKey: Guid(8cc84584c56b4d6419cf8c5f576c9620) Importer(815301076,1909f56bfc062723c751e8b465ee728b)
Start importing Assets/simple_low_poly_village_buildings/fbx/grass2.FBX using Guid(8cc84584c56b4d6419cf8c5f576c9620) Importer(815301076,1909f56bfc062723c751e8b465ee728b)  -> (artifact id: 'd99ae18eb870fd873a69bd2069fdb7b4') in 0.033083 seconds 
========================================================================
Received Import Request.
  Time since last request: 0.000031 seconds.
  path: Assets/simple_low_poly_village_buildings/fbx/tomato2.FBX
  artifactKey: Guid(3451599ee565b7947aa0d423227e4828) Importer(815301076,1909f56bfc062723c751e8b465ee728b)
Start importing Assets/simple_low_poly_village_buildings/fbx/tomato2.FBX using Guid(3451599ee565b7947aa0d423227e4828) Importer(815301076,1909f56bfc062723c751e8b465ee728b)  -> (artifact id: '1f8409ce3475b2b2effde5ed619e2b7d') in 0.037800 seconds 
========================================================================
Received Import Request.
  Time since last request: 0.000032 seconds.
  path: Assets/simple_low_poly_village_buildings/fbx/tower_lvl3.FBX
  artifactKey: Guid(71192924f83cc3d4f86d373e26071e88) Importer(815301076,1909f56bfc062723c751e8b465ee728b)
Start importing Assets/simple_low_poly_village_buildings/fbx/tower_lvl3.FBX using Guid(71192924f83cc3d4f86d373e26071e88) Importer(815301076,1909f56bfc062723c751e8b465ee728b)  -> (artifact id: '4cc89230f0954514e2985196535cab11') in 0.037314 seconds 
========================================================================
Received Import Request.
  Time since last request: 0.000031 seconds.
  path: Assets/simple_low_poly_village_buildings/fbx/house_lvl6.FBX
  artifactKey: Guid(78f4b8e7c73a0104a8112763cb8f5aec) Importer(815301076,1909f56bfc062723c751e8b465ee728b)
Start importing Assets/simple_low_poly_village_buildings/fbx/house_lvl6.FBX using Guid(78f4b8e7c73a0104a8112763cb8f5aec) Importer(815301076,1909f56bfc062723c751e8b465ee728b)  -> (artifact id: 'b94cfe8bd1b9e30434dc5756ceef742d') in 0.041626 seconds 
========================================================================
Received Import Request.
  Time since last request: 0.000034 seconds.
  path: Assets/simple_low_poly_village_buildings/fbx/tower_lvl6.FBX
  artifactKey: Guid(b8765a5fac1298844ad6c75168ca605e) Importer(815301076,1909f56bfc062723c751e8b465ee728b)
Start importing Assets/simple_low_poly_village_buildings/fbx/tower_lvl6.FBX using Guid(b8765a5fac1298844ad6c75168ca605e) Importer(815301076,1909f56bfc062723c751e8b465ee728b)  -> (artifact id: 'd0b466372808c2f550ef93773b3cb5cf') in 0.043981 seconds 
========================================================================
Received Import Request.
  Time since last request: 0.000027 seconds.
  path: Assets/simple_low_poly_village_buildings/fbx/house_lvl5.FBX
  artifactKey: Guid(7dbb85b420d23544682d44616881aed8) Importer(815301076,1909f56bfc062723c751e8b465ee728b)
Start importing Assets/simple_low_poly_village_buildings/fbx/house_lvl5.FBX using Guid(7dbb85b420d23544682d44616881aed8) Importer(815301076,1909f56bfc062723c751e8b465ee728b)  -> (artifact id: 'f42ffccbd52d7e0f1af752bbd4c83dfd') in 0.040385 seconds 
========================================================================
Received Import Request.
  Time since last request: 0.000022 seconds.
  path: Assets/simple_low_poly_village_buildings/fbx/farm_house_lvl2.FBX
  artifactKey: Guid(30a345e5ee05a4c43af344fe72769488) Importer(815301076,1909f56bfc062723c751e8b465ee728b)
Start importing Assets/simple_low_poly_village_buildings/fbx/farm_house_lvl2.FBX using Guid(30a345e5ee05a4c43af344fe72769488) Importer(815301076,1909f56bfc062723c751e8b465ee728b)  -> (artifact id: '5e8e98430759f0202f2c23b7827d3fcb') in 0.038297 seconds 
========================================================================
Received Import Request.
  Time since last request: 0.000026 seconds.
  path: Assets/simple_low_poly_village_buildings/fbx/tower_lvl4.FBX
  artifactKey: Guid(22d4103ebaff52b49960c9084488c39c) Importer(815301076,1909f56bfc062723c751e8b465ee728b)
Start importing Assets/simple_low_poly_village_buildings/fbx/tower_lvl4.FBX using Guid(22d4103ebaff52b49960c9084488c39c) Importer(815301076,1909f56bfc062723c751e8b465ee728b)  -> (artifact id: '02aa51043e2e4b6e8289538bb69000d8') in 0.042808 seconds 
========================================================================
Received Import Request.
  Time since last request: 0.000067 seconds.
  path: Assets/simple_low_poly_village_buildings/fbx/tower_lvl5.FBX
  artifactKey: Guid(5a3e1d94da6fcf848932536d2a424cd7) Importer(815301076,1909f56bfc062723c751e8b465ee728b)
Start importing Assets/simple_low_poly_village_buildings/fbx/tower_lvl5.FBX using Guid(5a3e1d94da6fcf848932536d2a424cd7) Importer(815301076,1909f56bfc062723c751e8b465ee728b)  -> (artifact id: 'a765fa55c770333dd12c37e2a39b56c3') in 0.040545 seconds 
========================================================================
Received Import Request.
  Time since last request: 0.000033 seconds.
  path: Assets/simple_low_poly_village_buildings/fbx/farm_house_lvl5.FBX
  artifactKey: Guid(7d0338f00ae6e9242964059b50a7a393) Importer(815301076,1909f56bfc062723c751e8b465ee728b)
Start importing Assets/simple_low_poly_village_buildings/fbx/farm_house_lvl5.FBX using Guid(7d0338f00ae6e9242964059b50a7a393) Importer(815301076,1909f56bfc062723c751e8b465ee728b)  -> (artifact id: '83fd2df673fb594c151793b760f2f4b9') in 0.033846 seconds 
========================================================================
Received Import Request.
  Time since last request: 0.000037 seconds.
  path: Assets/simple_low_poly_village_buildings/fbx/farm_house_lvl7.FBX
  artifactKey: Guid(a2f61de7c6dfe9245a0aff8ea10fdd32) Importer(815301076,1909f56bfc062723c751e8b465ee728b)
Start importing Assets/simple_low_poly_village_buildings/fbx/farm_house_lvl7.FBX using Guid(a2f61de7c6dfe9245a0aff8ea10fdd32) Importer(815301076,1909f56bfc062723c751e8b465ee728b)  -> (artifact id: '779c6c013aa07979317e0bf0aa2a3c3d') in 0.043017 seconds 
========================================================================
Received Prepare
Registering precompiled user dll's ...
Registered in 0.003413 seconds.
Begin MonoManager ReloadAssembly
Native extension for WindowsStandalone target not found
Native extension for WebGL target not found
Refreshing native plugins compatible for Editor in 0.47 ms, found 2 plugins.
Preloading 0 native plugins for Editor in 0.00 ms.
Mono: successfully reloaded assembly
- Completed reload, in  1.307 seconds
Domain Reload Profiling:
	ReloadAssembly (1308ms)
		BeginReloadAssembly (162ms)
			ExecutionOrderSort (0ms)
			DisableScriptedObjects (7ms)
			BackupInstance (0ms)
			ReleaseScriptingObjects (0ms)
			CreateAndSetChildDomain (38ms)
		EndReloadAssembly (1005ms)
			LoadAssemblies (106ms)
			RebuildTransferFunctionScriptingTraits (0ms)
			SetupTypeCache (253ms)
			ReleaseScriptCaches (1ms)
			RebuildScriptCaches (61ms)
			SetupLoadedEditorAssemblies (503ms)
				LogAssemblyErrors (0ms)
				InitializePlatformSupportModulesInManaged (18ms)
				SetLoadedEditorAssemblies (1ms)
				RefreshPlugins (1ms)
				BeforeProcessingInitializeOnLoad (60ms)
				ProcessInitializeOnLoadAttributes (354ms)
				ProcessInitializeOnLoadMethodAttributes (65ms)
				AfterProcessingInitializeOnLoad (5ms)
				EditorAssembliesLoaded (0ms)
			ExecutionOrderSort2 (0ms)
			AwakeInstancesAfterBackupRestoration (18ms)
Platform modules already initialized, skipping
Refreshing native plugins compatible for Editor in 2.04 ms, found 2 plugins.
Preloading 0 native plugins for Editor in 0.00 ms.
Unloading 1681 Unused Serialized files (Serialized files now loaded: 0)
Unloading 12 unused Assets / (24.6 KB). Loaded Objects now: 2217.
Memory consumption went from 77.0 MB to 77.0 MB.
Total: 5.046600 ms (FindLiveObjects: 0.170200 ms CreateObjectMapping: 0.061300 ms MarkObjects: 4.781100 ms  DeleteObjects: 0.032400 ms)

AssetImportParameters requested are different than current active one (requested -> active):
  custom:video-decoder-ogg-theora: a1e56fd34408186e4bbccfd4996cb3dc -> 
  custom:container-muxer-webm: aa71ff27fc2769a1b78a27578f13a17b -> 
  custom:container-demuxer-webm: 4f35f7cbe854078d1ac9338744f61a02 -> 
  custom:video-encoder-webm-vp8: eb34c28f22e8b96e1ab97ce403110664 -> 
  custom:audio-encoder-webm-vorbis: bf7c407c2cedff20999df2af8eb42d56 -> 
  custom:framework-win-MediaFoundation: 216162199b28c13a410421893ffa2e32 -> 
  custom:container-demuxer-ogg: 62fdf1f143b41e24485cea50d1cbac27 -> 
  custom:video-decoder-webm-vp8: 9c59270c3fd7afecdb556c50c9e8de78 -> 
  custom:audio-decoder-ogg-vorbis: bf7c407c2cedff20999df2af8eb42d56 -> 
