Using pre-set license
Built from '2021.3/staging' branch; Version is '2021.3.11f1 (0a5ca18544bf) revision 679073'; Using compiler version '192829333'; Build Type 'Release'
OS: 'Windows 10  (10.0.19044) 64bit Professional' Language: 'ru' Physical Memory: 8138 MB
BatchMode: 1, IsHumanControllingUs: 0, StartBugReporterOnCrash: 0, Is64bit: 1, IsPro: 1

COMMAND LINE ARGUMENTS:
E:\unity\2021.3.11f1\Editor\Unity.exe
-adb2
-batchMode
-noUpm
-name
AssetImportWorker0
-projectPath
E:/projects/Unity/power-unity-3d
-logFile
Logs/AssetImportWorker0.log
-srvPort
58413
Successfully changed project path to: E:/projects/Unity/power-unity-3d
E:/projects/Unity/power-unity-3d
[UnityMemory] Configuration Parameters - Can be set up in boot.config
    "memorysetup-bucket-allocator-granularity=16"
    "memorysetup-bucket-allocator-bucket-count=8"
    "memorysetup-bucket-allocator-block-size=33554432"
    "memorysetup-bucket-allocator-block-count=8"
    "memorysetup-main-allocator-block-size=16777216"
    "memorysetup-thread-allocator-block-size=16777216"
    "memorysetup-gfx-main-allocator-block-size=16777216"
    "memorysetup-gfx-thread-allocator-block-size=16777216"
    "memorysetup-cache-allocator-block-size=4194304"
    "memorysetup-typetree-allocator-block-size=2097152"
    "memorysetup-profiler-bucket-allocator-granularity=16"
    "memorysetup-profiler-bucket-allocator-bucket-count=8"
    "memorysetup-profiler-bucket-allocator-block-size=33554432"
    "memorysetup-profiler-bucket-allocator-block-count=8"
    "memorysetup-profiler-allocator-block-size=16777216"
    "memorysetup-profiler-editor-allocator-block-size=1048576"
    "memorysetup-temp-allocator-size-main=16777216"
    "memorysetup-job-temp-allocator-block-size=2097152"
    "memorysetup-job-temp-allocator-block-size-background=1048576"
    "memorysetup-job-temp-allocator-reduction-small-platforms=262144"
    "memorysetup-temp-allocator-size-background-worker=32768"
    "memorysetup-temp-allocator-size-job-worker=262144"
    "memorysetup-temp-allocator-size-preload-manager=33554432"
    "memorysetup-temp-allocator-size-nav-mesh-worker=65536"
    "memorysetup-temp-allocator-size-audio-worker=65536"
    "memorysetup-temp-allocator-size-cloud-worker=32768"
    "memorysetup-temp-allocator-size-gi-baking-worker=262144"
    "memorysetup-temp-allocator-size-gfx=262144"
Refreshing native plugins compatible for Editor in 46.21 ms, found 2 plugins.
Preloading 0 native plugins for Editor in 0.00 ms.
Initialize engine version: 2021.3.11f1 (0a5ca18544bf)
[Subsystems] Discovering subsystems at path E:/unity/2021.3.11f1/Editor/Data/Resources/UnitySubsystems
[Subsystems] Discovering subsystems at path E:/projects/Unity/power-unity-3d/Assets
GfxDevice: creating device client; threaded=0; jobified=0
Direct3D:
    Version:  Direct3D 11.0 [level 11.0]
    Renderer: NVIDIA GeForce GTX 750 Ti (ID=0x1380)
    Vendor:   NVIDIA
    VRAM:     2007 MB
    Driver:   30.0.15.1215
Initialize mono
Mono path[0] = 'E:/unity/2021.3.11f1/Editor/Data/Managed'
Mono path[1] = 'E:/unity/2021.3.11f1/Editor/Data/MonoBleedingEdge/lib/mono/unityjit-win32'
Mono config path = 'E:/unity/2021.3.11f1/Editor/Data/MonoBleedingEdge/etc'
Using monoOptions --debugger-agent=transport=dt_socket,embedding=1,server=y,suspend=n,address=127.0.0.1:56156
Begin MonoManager ReloadAssembly
Registering precompiled unity dll's ...
Register platform support module: E:/unity/2021.3.11f1/Editor/Data/PlaybackEngines/WebGLSupport/UnityEditor.WebGL.Extensions.dll
Register platform support module: E:/unity/2021.3.11f1/Editor/Data/PlaybackEngines/WindowsStandaloneSupport/UnityEditor.WindowsStandalone.Extensions.dll
Registered in 0.004443 seconds.
Native extension for WindowsStandalone target not found
Native extension for WebGL target not found
Refreshing native plugins compatible for Editor in 45.31 ms, found 2 plugins.
Preloading 0 native plugins for Editor in 0.00 ms.
Mono: successfully reloaded assembly
- Completed reload, in  0.855 seconds
Domain Reload Profiling:
	ReloadAssembly (856ms)
		BeginReloadAssembly (129ms)
			ExecutionOrderSort (0ms)
			DisableScriptedObjects (0ms)
			BackupInstance (0ms)
			ReleaseScriptingObjects (0ms)
			CreateAndSetChildDomain (1ms)
		EndReloadAssembly (577ms)
			LoadAssemblies (128ms)
			RebuildTransferFunctionScriptingTraits (0ms)
			SetupTypeCache (154ms)
			ReleaseScriptCaches (0ms)
			RebuildScriptCaches (43ms)
			SetupLoadedEditorAssemblies (308ms)
				LogAssemblyErrors (0ms)
				InitializePlatformSupportModulesInManaged (13ms)
				SetLoadedEditorAssemblies (0ms)
				RefreshPlugins (45ms)
				BeforeProcessingInitializeOnLoad (2ms)
				ProcessInitializeOnLoadAttributes (182ms)
				ProcessInitializeOnLoadMethodAttributes (66ms)
				AfterProcessingInitializeOnLoad (0ms)
				EditorAssembliesLoaded (0ms)
			ExecutionOrderSort2 (0ms)
			AwakeInstancesAfterBackupRestoration (0ms)
Platform modules already initialized, skipping
Registering precompiled user dll's ...
Registered in 0.003280 seconds.
Begin MonoManager ReloadAssembly
Native extension for WindowsStandalone target not found
Native extension for WebGL target not found
Refreshing native plugins compatible for Editor in 0.45 ms, found 2 plugins.
Preloading 0 native plugins for Editor in 0.00 ms.
Mono: successfully reloaded assembly
- Completed reload, in  1.268 seconds
Domain Reload Profiling:
	ReloadAssembly (1269ms)
		BeginReloadAssembly (156ms)
			ExecutionOrderSort (0ms)
			DisableScriptedObjects (9ms)
			BackupInstance (0ms)
			ReleaseScriptingObjects (0ms)
			CreateAndSetChildDomain (25ms)
		EndReloadAssembly (931ms)
			LoadAssemblies (102ms)
			RebuildTransferFunctionScriptingTraits (0ms)
			SetupTypeCache (269ms)
			ReleaseScriptCaches (1ms)
			RebuildScriptCaches (65ms)
			SetupLoadedEditorAssemblies (443ms)
				LogAssemblyErrors (0ms)
				InitializePlatformSupportModulesInManaged (8ms)
				SetLoadedEditorAssemblies (1ms)
				RefreshPlugins (1ms)
				BeforeProcessingInitializeOnLoad (72ms)
				ProcessInitializeOnLoadAttributes (313ms)
				ProcessInitializeOnLoadMethodAttributes (45ms)
				AfterProcessingInitializeOnLoad (5ms)
				EditorAssembliesLoaded (0ms)
			ExecutionOrderSort2 (0ms)
			AwakeInstancesAfterBackupRestoration (10ms)
Platform modules already initialized, skipping
========================================================================
Worker process is ready to serve import requests
Launched and connected shader compiler UnityShaderCompiler.exe after 0.10 seconds
Refreshing native plugins compatible for Editor in 0.46 ms, found 2 plugins.
Preloading 0 native plugins for Editor in 0.00 ms.
Unloading 1687 Unused Serialized files (Serialized files now loaded: 0)
Unloading 19 unused Assets / (47.8 KB). Loaded Objects now: 2152.
Memory consumption went from 72.5 MB to 72.4 MB.
Total: 3.866800 ms (FindLiveObjects: 0.191000 ms CreateObjectMapping: 0.076700 ms MarkObjects: 3.501800 ms  DeleteObjects: 0.095900 ms)

AssetImportParameters requested are different than current active one (requested -> active):
  custom:video-decoder-ogg-theora: a1e56fd34408186e4bbccfd4996cb3dc -> 
  custom:container-muxer-webm: aa71ff27fc2769a1b78a27578f13a17b -> 
  custom:container-demuxer-webm: 4f35f7cbe854078d1ac9338744f61a02 -> 
  custom:video-encoder-webm-vp8: eb34c28f22e8b96e1ab97ce403110664 -> 
  custom:audio-encoder-webm-vorbis: bf7c407c2cedff20999df2af8eb42d56 -> 
  custom:framework-win-MediaFoundation: 216162199b28c13a410421893ffa2e32 -> 
  custom:container-demuxer-ogg: 62fdf1f143b41e24485cea50d1cbac27 -> 
  custom:video-decoder-webm-vp8: 9c59270c3fd7afecdb556c50c9e8de78 -> 
  custom:audio-decoder-ogg-vorbis: bf7c407c2cedff20999df2af8eb42d56 -> 
========================================================================
Received Import Request.
  Time since last request: 680580.451142 seconds.
  path: Assets/Scenes/Main.unity
  artifactKey: Guid(43a297f1d83d64e4c98aea92260bc01d) Importer(815301076,1909f56bfc062723c751e8b465ee728b)
Start importing Assets/Scenes/Main.unity using Guid(43a297f1d83d64e4c98aea92260bc01d) Importer(815301076,1909f56bfc062723c751e8b465ee728b)  -> (artifact id: '1f01f660b95bb2d305b5a1b108895161') in 0.022158 seconds 
========================================================================
Received Import Request.
  Time since last request: 1.304440 seconds.
  path: Assets/Buildings
  artifactKey: Guid(eea1bd42f63d41b478720f93ac1bacc2) Importer(815301076,1909f56bfc062723c751e8b465ee728b)
Start importing Assets/Buildings using Guid(eea1bd42f63d41b478720f93ac1bacc2) Importer(815301076,1909f56bfc062723c751e8b465ee728b)  -> (artifact id: '8e92fd673b4cd039332d5e8f94b5607f') in 0.008991 seconds 
========================================================================
Received Import Request.
  Time since last request: 0.103777 seconds.
  path: Assets/Buildings/Farm.prefab
  artifactKey: Guid(e3943100e823eb4419cf9046107aad28) Importer(815301076,1909f56bfc062723c751e8b465ee728b)
Start importing Assets/Buildings/Farm.prefab using Guid(e3943100e823eb4419cf9046107aad28) Importer(815301076,1909f56bfc062723c751e8b465ee728b)  -> (artifact id: '8b65886fb8a659120ab2db625d31b88c') in 0.606501 seconds 
========================================================================
Received Import Request.
  Time since last request: 10.957313 seconds.
  path: Assets/BuildingsGrid.cs
  artifactKey: Guid(9288e2c2dbf3b3a48a85e3edd4724151) Importer(815301076,1909f56bfc062723c751e8b465ee728b)
Start importing Assets/BuildingsGrid.cs using Guid(9288e2c2dbf3b3a48a85e3edd4724151) Importer(815301076,1909f56bfc062723c751e8b465ee728b)  -> (artifact id: 'eb2c069a7b6a45251f4427fa31317611') in 0.019596 seconds 
========================================================================
Received Import Request.
  Time since last request: 0.588116 seconds.
  path: Assets/sss.txt
  artifactKey: Guid(1907d433d803ad84b873cd8b08cfc500) Importer(815301076,1909f56bfc062723c751e8b465ee728b)
Start importing Assets/sss.txt using Guid(1907d433d803ad84b873cd8b08cfc500) Importer(815301076,1909f56bfc062723c751e8b465ee728b)  -> (artifact id: '2ed1e1d1d3be759e572fcdbbf52b9b97') in 0.022035 seconds 
========================================================================
Received Import Request.
  Time since last request: 4.873758 seconds.
  path: Assets/Building.cs
  artifactKey: Guid(7b96b27393778254cb2bc4cb9a5e8247) Importer(815301076,1909f56bfc062723c751e8b465ee728b)
Start importing Assets/Building.cs using Guid(7b96b27393778254cb2bc4cb9a5e8247) Importer(815301076,1909f56bfc062723c751e8b465ee728b)  -> (artifact id: '97381abb4fa3e271cfb6a2fc79e84e86') in 0.006655 seconds 
========================================================================
Received Import Request.
  Time since last request: 1.895104 seconds.
  path: Assets/simple_low_poly_village_buildings
  artifactKey: Guid(ba6c4d71db225f740a6fe7cbfc29b65b) Importer(815301076,1909f56bfc062723c751e8b465ee728b)
Start importing Assets/simple_low_poly_village_buildings using Guid(ba6c4d71db225f740a6fe7cbfc29b65b) Importer(815301076,1909f56bfc062723c751e8b465ee728b)  -> (artifact id: 'e8f6bf3639310171d4e9b1d8e6384c2b') in 0.008488 seconds 
========================================================================
Received Prepare
Registering precompiled user dll's ...
Registered in 0.003739 seconds.
Begin MonoManager ReloadAssembly
Native extension for WindowsStandalone target not found
Native extension for WebGL target not found
Refreshing native plugins compatible for Editor in 0.44 ms, found 2 plugins.
Preloading 0 native plugins for Editor in 0.00 ms.
Mono: successfully reloaded assembly
- Completed reload, in  1.379 seconds
Domain Reload Profiling:
	ReloadAssembly (1380ms)
		BeginReloadAssembly (162ms)
			ExecutionOrderSort (0ms)
			DisableScriptedObjects (7ms)
			BackupInstance (0ms)
			ReleaseScriptingObjects (0ms)
			CreateAndSetChildDomain (37ms)
		EndReloadAssembly (1086ms)
			LoadAssemblies (104ms)
			RebuildTransferFunctionScriptingTraits (0ms)
			SetupTypeCache (276ms)
			ReleaseScriptCaches (1ms)
			RebuildScriptCaches (71ms)
			SetupLoadedEditorAssemblies (567ms)
				LogAssemblyErrors (0ms)
				InitializePlatformSupportModulesInManaged (18ms)
				SetLoadedEditorAssemblies (1ms)
				RefreshPlugins (1ms)
				BeforeProcessingInitializeOnLoad (60ms)
				ProcessInitializeOnLoadAttributes (425ms)
				ProcessInitializeOnLoadMethodAttributes (56ms)
				AfterProcessingInitializeOnLoad (6ms)
				EditorAssembliesLoaded (0ms)
			ExecutionOrderSort2 (0ms)
			AwakeInstancesAfterBackupRestoration (14ms)
Platform modules already initialized, skipping
Refreshing native plugins compatible for Editor in 1.86 ms, found 2 plugins.
Preloading 0 native plugins for Editor in 0.00 ms.
Unloading 1681 Unused Serialized files (Serialized files now loaded: 0)
Unloading 12 unused Assets / (24.6 KB). Loaded Objects now: 2164.
Memory consumption went from 76.6 MB to 76.6 MB.
Total: 4.225400 ms (FindLiveObjects: 0.169800 ms CreateObjectMapping: 0.076600 ms MarkObjects: 3.950800 ms  DeleteObjects: 0.026600 ms)

AssetImportParameters requested are different than current active one (requested -> active):
  custom:video-decoder-ogg-theora: a1e56fd34408186e4bbccfd4996cb3dc -> 
  custom:container-muxer-webm: aa71ff27fc2769a1b78a27578f13a17b -> 
  custom:container-demuxer-webm: 4f35f7cbe854078d1ac9338744f61a02 -> 
  custom:video-encoder-webm-vp8: eb34c28f22e8b96e1ab97ce403110664 -> 
  custom:audio-encoder-webm-vorbis: bf7c407c2cedff20999df2af8eb42d56 -> 
  custom:framework-win-MediaFoundation: 216162199b28c13a410421893ffa2e32 -> 
  custom:container-demuxer-ogg: 62fdf1f143b41e24485cea50d1cbac27 -> 
  custom:video-decoder-webm-vp8: 9c59270c3fd7afecdb556c50c9e8de78 -> 
  custom:audio-decoder-ogg-vorbis: bf7c407c2cedff20999df2af8eb42d56 -> 
========================================================================
Received Prepare
Registering precompiled user dll's ...
Registered in 0.003559 seconds.
Begin MonoManager ReloadAssembly
Native extension for WindowsStandalone target not found
Native extension for WebGL target not found
Refreshing native plugins compatible for Editor in 0.46 ms, found 2 plugins.
Preloading 0 native plugins for Editor in 0.00 ms.
Mono: successfully reloaded assembly
- Completed reload, in  1.391 seconds
Domain Reload Profiling:
	ReloadAssembly (1392ms)
		BeginReloadAssembly (168ms)
			ExecutionOrderSort (0ms)
			DisableScriptedObjects (9ms)
			BackupInstance (0ms)
			ReleaseScriptingObjects (0ms)
			CreateAndSetChildDomain (38ms)
		EndReloadAssembly (1088ms)
			LoadAssemblies (109ms)
			RebuildTransferFunctionScriptingTraits (0ms)
			SetupTypeCache (260ms)
			ReleaseScriptCaches (1ms)
			RebuildScriptCaches (53ms)
			SetupLoadedEditorAssemblies (600ms)
				LogAssemblyErrors (0ms)
				InitializePlatformSupportModulesInManaged (18ms)
				SetLoadedEditorAssemblies (1ms)
				RefreshPlugins (1ms)
				BeforeProcessingInitializeOnLoad (63ms)
				ProcessInitializeOnLoadAttributes (458ms)
				ProcessInitializeOnLoadMethodAttributes (53ms)
				AfterProcessingInitializeOnLoad (6ms)
				EditorAssembliesLoaded (0ms)
			ExecutionOrderSort2 (0ms)
			AwakeInstancesAfterBackupRestoration (13ms)
Platform modules already initialized, skipping
Refreshing native plugins compatible for Editor in 1.95 ms, found 2 plugins.
Preloading 0 native plugins for Editor in 0.00 ms.
Unloading 1681 Unused Serialized files (Serialized files now loaded: 0)
Unloading 12 unused Assets / (24.6 KB). Loaded Objects now: 2167.
Memory consumption went from 76.6 MB to 76.6 MB.
Total: 4.273500 ms (FindLiveObjects: 0.157500 ms CreateObjectMapping: 0.057900 ms MarkObjects: 4.030200 ms  DeleteObjects: 0.026400 ms)

AssetImportParameters requested are different than current active one (requested -> active):
  custom:video-decoder-ogg-theora: a1e56fd34408186e4bbccfd4996cb3dc -> 
  custom:container-muxer-webm: aa71ff27fc2769a1b78a27578f13a17b -> 
  custom:container-demuxer-webm: 4f35f7cbe854078d1ac9338744f61a02 -> 
  custom:video-encoder-webm-vp8: eb34c28f22e8b96e1ab97ce403110664 -> 
  custom:audio-encoder-webm-vorbis: bf7c407c2cedff20999df2af8eb42d56 -> 
  custom:framework-win-MediaFoundation: 216162199b28c13a410421893ffa2e32 -> 
  custom:container-demuxer-ogg: 62fdf1f143b41e24485cea50d1cbac27 -> 
  custom:video-decoder-webm-vp8: 9c59270c3fd7afecdb556c50c9e8de78 -> 
  custom:audio-decoder-ogg-vorbis: bf7c407c2cedff20999df2af8eb42d56 -> 
========================================================================
Received Prepare
Registering precompiled user dll's ...
Registered in 0.003547 seconds.
Begin MonoManager ReloadAssembly
Native extension for WindowsStandalone target not found
Native extension for WebGL target not found
Refreshing native plugins compatible for Editor in 0.97 ms, found 2 plugins.
Preloading 0 native plugins for Editor in 0.00 ms.
Mono: successfully reloaded assembly
- Completed reload, in  1.422 seconds
Domain Reload Profiling:
	ReloadAssembly (1423ms)
		BeginReloadAssembly (165ms)
			ExecutionOrderSort (0ms)
			DisableScriptedObjects (9ms)
			BackupInstance (0ms)
			ReleaseScriptingObjects (0ms)
			CreateAndSetChildDomain (39ms)
		EndReloadAssembly (1118ms)
			LoadAssemblies (107ms)
			RebuildTransferFunctionScriptingTraits (0ms)
			SetupTypeCache (265ms)
			ReleaseScriptCaches (1ms)
			RebuildScriptCaches (54ms)
			SetupLoadedEditorAssemblies (627ms)
				LogAssemblyErrors (0ms)
				InitializePlatformSupportModulesInManaged (28ms)
				SetLoadedEditorAssemblies (1ms)
				RefreshPlugins (1ms)
				BeforeProcessingInitializeOnLoad (94ms)
				ProcessInitializeOnLoadAttributes (437ms)
				ProcessInitializeOnLoadMethodAttributes (59ms)
				AfterProcessingInitializeOnLoad (6ms)
				EditorAssembliesLoaded (0ms)
			ExecutionOrderSort2 (0ms)
			AwakeInstancesAfterBackupRestoration (14ms)
Platform modules already initialized, skipping
Refreshing native plugins compatible for Editor in 1.67 ms, found 2 plugins.
Preloading 0 native plugins for Editor in 0.00 ms.
Unloading 1681 Unused Serialized files (Serialized files now loaded: 0)
Unloading 12 unused Assets / (24.6 KB). Loaded Objects now: 2170.
Memory consumption went from 76.6 MB to 76.6 MB.
Total: 3.690100 ms (FindLiveObjects: 0.193400 ms CreateObjectMapping: 0.064600 ms MarkObjects: 3.405600 ms  DeleteObjects: 0.025100 ms)

AssetImportParameters requested are different than current active one (requested -> active):
  custom:video-decoder-ogg-theora: a1e56fd34408186e4bbccfd4996cb3dc -> 
  custom:container-muxer-webm: aa71ff27fc2769a1b78a27578f13a17b -> 
  custom:container-demuxer-webm: 4f35f7cbe854078d1ac9338744f61a02 -> 
  custom:video-encoder-webm-vp8: eb34c28f22e8b96e1ab97ce403110664 -> 
  custom:audio-encoder-webm-vorbis: bf7c407c2cedff20999df2af8eb42d56 -> 
  custom:framework-win-MediaFoundation: 216162199b28c13a410421893ffa2e32 -> 
  custom:container-demuxer-ogg: 62fdf1f143b41e24485cea50d1cbac27 -> 
  custom:video-decoder-webm-vp8: 9c59270c3fd7afecdb556c50c9e8de78 -> 
  custom:audio-decoder-ogg-vorbis: bf7c407c2cedff20999df2af8eb42d56 -> 
========================================================================
Received Prepare
Registering precompiled user dll's ...
Registered in 0.002981 seconds.
Begin MonoManager ReloadAssembly
Native extension for WindowsStandalone target not found
Native extension for WebGL target not found
Refreshing native plugins compatible for Editor in 0.46 ms, found 2 plugins.
Preloading 0 native plugins for Editor in 0.00 ms.
Mono: successfully reloaded assembly
- Completed reload, in  1.380 seconds
Domain Reload Profiling:
	ReloadAssembly (1381ms)
		BeginReloadAssembly (175ms)
			ExecutionOrderSort (0ms)
			DisableScriptedObjects (10ms)
			BackupInstance (0ms)
			ReleaseScriptingObjects (0ms)
			CreateAndSetChildDomain (38ms)
		EndReloadAssembly (1065ms)
			LoadAssemblies (116ms)
			RebuildTransferFunctionScriptingTraits (0ms)
			SetupTypeCache (267ms)
			ReleaseScriptCaches (1ms)
			RebuildScriptCaches (55ms)
			SetupLoadedEditorAssemblies (571ms)
				LogAssemblyErrors (0ms)
				InitializePlatformSupportModulesInManaged (18ms)
				SetLoadedEditorAssemblies (1ms)
				RefreshPlugins (1ms)
				BeforeProcessingInitializeOnLoad (61ms)
				ProcessInitializeOnLoadAttributes (411ms)
				ProcessInitializeOnLoadMethodAttributes (73ms)
				AfterProcessingInitializeOnLoad (6ms)
				EditorAssembliesLoaded (0ms)
			ExecutionOrderSort2 (0ms)
			AwakeInstancesAfterBackupRestoration (13ms)
Platform modules already initialized, skipping
Refreshing native plugins compatible for Editor in 2.54 ms, found 2 plugins.
Preloading 0 native plugins for Editor in 0.00 ms.
Unloading 1681 Unused Serialized files (Serialized files now loaded: 0)
Unloading 12 unused Assets / (24.6 KB). Loaded Objects now: 2173.
Memory consumption went from 76.6 MB to 76.6 MB.
Total: 4.976700 ms (FindLiveObjects: 0.182900 ms CreateObjectMapping: 0.060600 ms MarkObjects: 4.701300 ms  DeleteObjects: 0.030200 ms)

AssetImportParameters requested are different than current active one (requested -> active):
  custom:video-decoder-ogg-theora: a1e56fd34408186e4bbccfd4996cb3dc -> 
  custom:container-muxer-webm: aa71ff27fc2769a1b78a27578f13a17b -> 
  custom:container-demuxer-webm: 4f35f7cbe854078d1ac9338744f61a02 -> 
  custom:video-encoder-webm-vp8: eb34c28f22e8b96e1ab97ce403110664 -> 
  custom:audio-encoder-webm-vorbis: bf7c407c2cedff20999df2af8eb42d56 -> 
  custom:framework-win-MediaFoundation: 216162199b28c13a410421893ffa2e32 -> 
  custom:container-demuxer-ogg: 62fdf1f143b41e24485cea50d1cbac27 -> 
  custom:video-decoder-webm-vp8: 9c59270c3fd7afecdb556c50c9e8de78 -> 
  custom:audio-decoder-ogg-vorbis: bf7c407c2cedff20999df2af8eb42d56 -> 
========================================================================
Received Prepare
Registering precompiled user dll's ...
Registered in 0.003052 seconds.
Begin MonoManager ReloadAssembly
Native extension for WindowsStandalone target not found
Native extension for WebGL target not found
Refreshing native plugins compatible for Editor in 0.47 ms, found 2 plugins.
Preloading 0 native plugins for Editor in 0.00 ms.
Mono: successfully reloaded assembly
- Completed reload, in  1.355 seconds
Domain Reload Profiling:
	ReloadAssembly (1357ms)
		BeginReloadAssembly (159ms)
			ExecutionOrderSort (0ms)
			DisableScriptedObjects (9ms)
			BackupInstance (0ms)
			ReleaseScriptingObjects (0ms)
			CreateAndSetChildDomain (36ms)
		EndReloadAssembly (1061ms)
			LoadAssemblies (99ms)
			RebuildTransferFunctionScriptingTraits (0ms)
			SetupTypeCache (260ms)
			ReleaseScriptCaches (1ms)
			RebuildScriptCaches (59ms)
			SetupLoadedEditorAssemblies (565ms)
				LogAssemblyErrors (0ms)
				InitializePlatformSupportModulesInManaged (19ms)
				SetLoadedEditorAssemblies (1ms)
				RefreshPlugins (1ms)
				BeforeProcessingInitializeOnLoad (64ms)
				ProcessInitializeOnLoadAttributes (390ms)
				ProcessInitializeOnLoadMethodAttributes (85ms)
				AfterProcessingInitializeOnLoad (6ms)
				EditorAssembliesLoaded (0ms)
			ExecutionOrderSort2 (0ms)
			AwakeInstancesAfterBackupRestoration (17ms)
Platform modules already initialized, skipping
Refreshing native plugins compatible for Editor in 2.05 ms, found 2 plugins.
Preloading 0 native plugins for Editor in 0.00 ms.
Unloading 1681 Unused Serialized files (Serialized files now loaded: 0)
Unloading 12 unused Assets / (24.7 KB). Loaded Objects now: 2176.
Memory consumption went from 76.6 MB to 76.6 MB.
Total: 5.178100 ms (FindLiveObjects: 0.171500 ms CreateObjectMapping: 0.090400 ms MarkObjects: 4.879800 ms  DeleteObjects: 0.034700 ms)

AssetImportParameters requested are different than current active one (requested -> active):
  custom:video-decoder-ogg-theora: a1e56fd34408186e4bbccfd4996cb3dc -> 
  custom:container-muxer-webm: aa71ff27fc2769a1b78a27578f13a17b -> 
  custom:container-demuxer-webm: 4f35f7cbe854078d1ac9338744f61a02 -> 
  custom:video-encoder-webm-vp8: eb34c28f22e8b96e1ab97ce403110664 -> 
  custom:audio-encoder-webm-vorbis: bf7c407c2cedff20999df2af8eb42d56 -> 
  custom:framework-win-MediaFoundation: 216162199b28c13a410421893ffa2e32 -> 
  custom:container-demuxer-ogg: 62fdf1f143b41e24485cea50d1cbac27 -> 
  custom:video-decoder-webm-vp8: 9c59270c3fd7afecdb556c50c9e8de78 -> 
  custom:audio-decoder-ogg-vorbis: bf7c407c2cedff20999df2af8eb42d56 -> 
========================================================================
Received Import Request.
  Time since last request: 648.419792 seconds.
  path: Assets/simple_low_poly_village_buildings/textures
  artifactKey: Guid(c48a2d997f439544d8e5807a2eed2385) Importer(815301076,1909f56bfc062723c751e8b465ee728b)
Start importing Assets/simple_low_poly_village_buildings/textures using Guid(c48a2d997f439544d8e5807a2eed2385) Importer(815301076,1909f56bfc062723c751e8b465ee728b)  -> (artifact id: 'b142d9617c3d8f47662f038ebb6cf7ad') in 0.010787 seconds 
========================================================================
Received Import Request.
  Time since last request: 0.042183 seconds.
  path: Assets/simple_low_poly_village_buildings/textures/farms.tga
  artifactKey: Guid(39d49bf65bdc2d240b6298e0bd38703c) Importer(815301076,1909f56bfc062723c751e8b465ee728b)
Start importing Assets/simple_low_poly_village_buildings/textures/farms.tga using Guid(39d49bf65bdc2d240b6298e0bd38703c) Importer(815301076,1909f56bfc062723c751e8b465ee728b)  -> (artifact id: 'c9bc11e4ab98737d5621e9feadf29075') in 0.133401 seconds 
========================================================================
Received Import Request.
  Time since last request: 0.000026 seconds.
  path: Assets/simple_low_poly_village_buildings/textures/towers.tga
  artifactKey: Guid(afca6969a3148ab4a8816f95f2d9092c) Importer(815301076,1909f56bfc062723c751e8b465ee728b)
Start importing Assets/simple_low_poly_village_buildings/textures/towers.tga using Guid(afca6969a3148ab4a8816f95f2d9092c) Importer(815301076,1909f56bfc062723c751e8b465ee728b)  -> (artifact id: 'ad0f65ed807d34d87832f288003f6987') in 0.014617 seconds 
========================================================================
Received Import Request.
  Time since last request: 2.728283 seconds.
  path: Assets/simple_low_poly_village_buildings/models
  artifactKey: Guid(2e6a53aa20b7de6409d46b7cf3d73434) Importer(815301076,1909f56bfc062723c751e8b465ee728b)
Start importing Assets/simple_low_poly_village_buildings/models using Guid(2e6a53aa20b7de6409d46b7cf3d73434) Importer(815301076,1909f56bfc062723c751e8b465ee728b)  -> (artifact id: '5d820b60556744ae64bbf6be694d75a4') in 0.010620 seconds 
========================================================================
Received Import Request.
  Time since last request: 0.037641 seconds.
  path: Assets/simple_low_poly_village_buildings/models/barrel.prefab
  artifactKey: Guid(e2d6d518bfc4a1945bf868a29c71b73f) Importer(815301076,1909f56bfc062723c751e8b465ee728b)
Start importing Assets/simple_low_poly_village_buildings/models/barrel.prefab using Guid(e2d6d518bfc4a1945bf868a29c71b73f) Importer(815301076,1909f56bfc062723c751e8b465ee728b)  -> (artifact id: '647fafb2c555282525084b8b87eb203b') in 0.068830 seconds 
========================================================================
Received Import Request.
  Time since last request: 0.000074 seconds.
  path: Assets/simple_low_poly_village_buildings/models/hay1.prefab
  artifactKey: Guid(2f7a0b013393a184a99c366b78663a50) Importer(815301076,1909f56bfc062723c751e8b465ee728b)
Start importing Assets/simple_low_poly_village_buildings/models/hay1.prefab using Guid(2f7a0b013393a184a99c366b78663a50) Importer(815301076,1909f56bfc062723c751e8b465ee728b)  -> (artifact id: 'c078e99f488bd9b5a11c3b5fa3f82f5e') in 0.029248 seconds 
========================================================================
Received Import Request.
  Time since last request: 0.000042 seconds.
  path: Assets/simple_low_poly_village_buildings/models/house_lvl5.prefab
  artifactKey: Guid(6f3e0814d7f66ff44a590734f01c6068) Importer(815301076,1909f56bfc062723c751e8b465ee728b)
Start importing Assets/simple_low_poly_village_buildings/models/house_lvl5.prefab using Guid(6f3e0814d7f66ff44a590734f01c6068) Importer(815301076,1909f56bfc062723c751e8b465ee728b)  -> (artifact id: 'cddd74421a8a7ddaea3d39b77eb498f8') in 0.028319 seconds 
========================================================================
Received Import Request.
  Time since last request: 0.000046 seconds.
  path: Assets/simple_low_poly_village_buildings/models/farm_house_lvl7.prefab
  artifactKey: Guid(2c121b1857a760c4f9ef7b0e4b09864c) Importer(815301076,1909f56bfc062723c751e8b465ee728b)
Start importing Assets/simple_low_poly_village_buildings/models/farm_house_lvl7.prefab using Guid(2c121b1857a760c4f9ef7b0e4b09864c) Importer(815301076,1909f56bfc062723c751e8b465ee728b)  -> (artifact id: '47b1e5839b33fdcfa3178d926d07349b') in 0.029882 seconds 
========================================================================
Received Import Request.
  Time since last request: 0.000064 seconds.
  path: Assets/simple_low_poly_village_buildings/models/tower_lvl3.prefab
  artifactKey: Guid(4be703f0d1af24046be6c443f26fdb76) Importer(815301076,1909f56bfc062723c751e8b465ee728b)
Start importing Assets/simple_low_poly_village_buildings/models/tower_lvl3.prefab using Guid(4be703f0d1af24046be6c443f26fdb76) Importer(815301076,1909f56bfc062723c751e8b465ee728b)  -> (artifact id: '6df979488cbec2a65db0f6a82e725af1') in 0.033267 seconds 
========================================================================
Received Import Request.
  Time since last request: 0.000030 seconds.
  path: Assets/simple_low_poly_village_buildings/models/farm_lvl7.prefab
  artifactKey: Guid(35de37196fbfb6d4f8d6d58d5880c67b) Importer(815301076,1909f56bfc062723c751e8b465ee728b)
Start importing Assets/simple_low_poly_village_buildings/models/farm_lvl7.prefab using Guid(35de37196fbfb6d4f8d6d58d5880c67b) Importer(815301076,1909f56bfc062723c751e8b465ee728b)  -> (artifact id: 'e431f28d0547931ea7aa13bb26999135') in 0.030950 seconds 
========================================================================
Received Import Request.
  Time since last request: 0.000026 seconds.
  path: Assets/simple_low_poly_village_buildings/models/hay2.prefab
  artifactKey: Guid(fa355f161332a5a46aec6a7bca29b4d0) Importer(815301076,1909f56bfc062723c751e8b465ee728b)
Start importing Assets/simple_low_poly_village_buildings/models/hay2.prefab using Guid(fa355f161332a5a46aec6a7bca29b4d0) Importer(815301076,1909f56bfc062723c751e8b465ee728b)  -> (artifact id: '56cc0c0766c71987835c837ec89da3e4') in 0.026123 seconds 
========================================================================
Received Import Request.
  Time since last request: 0.000036 seconds.
  path: Assets/simple_low_poly_village_buildings/models/house_lvl2.prefab
  artifactKey: Guid(ac0b22805df58234496f0937058a3812) Importer(815301076,1909f56bfc062723c751e8b465ee728b)
Start importing Assets/simple_low_poly_village_buildings/models/house_lvl2.prefab using Guid(ac0b22805df58234496f0937058a3812) Importer(815301076,1909f56bfc062723c751e8b465ee728b)  -> (artifact id: 'fb344bdf1a9af4218576d89fde0ff538') in 0.026360 seconds 
========================================================================
Received Import Request.
  Time since last request: 0.000022 seconds.
  path: Assets/simple_low_poly_village_buildings/models/grass2.prefab
  artifactKey: Guid(9d5edf715a453f9499936596a54aa7cc) Importer(815301076,1909f56bfc062723c751e8b465ee728b)
Start importing Assets/simple_low_poly_village_buildings/models/grass2.prefab using Guid(9d5edf715a453f9499936596a54aa7cc) Importer(815301076,1909f56bfc062723c751e8b465ee728b)  -> (artifact id: 'c6f57baa8e0eae448ca53c8d6346dd10') in 0.025617 seconds 
========================================================================
Received Import Request.
  Time since last request: 0.000042 seconds.
  path: Assets/simple_low_poly_village_buildings/models/shovel.prefab
  artifactKey: Guid(ac0271417e7765040b946740e0129ad7) Importer(815301076,1909f56bfc062723c751e8b465ee728b)
Start importing Assets/simple_low_poly_village_buildings/models/shovel.prefab using Guid(ac0271417e7765040b946740e0129ad7) Importer(815301076,1909f56bfc062723c751e8b465ee728b)  -> (artifact id: '053bf5e2d40431abda867b7726ab42d2') in 0.018109 seconds 
========================================================================
Received Import Request.
  Time since last request: 0.000048 seconds.
  path: Assets/simple_low_poly_village_buildings/models/farm_house_lvl6.prefab
  artifactKey: Guid(0da62b6fef79e294cb9e1a6a8ea69cd2) Importer(815301076,1909f56bfc062723c751e8b465ee728b)
Start importing Assets/simple_low_poly_village_buildings/models/farm_house_lvl6.prefab using Guid(0da62b6fef79e294cb9e1a6a8ea69cd2) Importer(815301076,1909f56bfc062723c751e8b465ee728b)  -> (artifact id: 'aa6097bf153d8bd9a18838202b85a1ab') in 0.021533 seconds 
========================================================================
Received Import Request.
  Time since last request: 0.000070 seconds.
  path: Assets/simple_low_poly_village_buildings/models/farm_house_lvl1.prefab
  artifactKey: Guid(21d42ff46295d4a4da6da6d0d1b33631) Importer(815301076,1909f56bfc062723c751e8b465ee728b)
Start importing Assets/simple_low_poly_village_buildings/models/farm_house_lvl1.prefab using Guid(21d42ff46295d4a4da6da6d0d1b33631) Importer(815301076,1909f56bfc062723c751e8b465ee728b)  -> (artifact id: 'b39d7f563aed9039813f225bc3b83484') in 0.024596 seconds 
========================================================================
Received Import Request.
  Time since last request: 0.000027 seconds.
  path: Assets/simple_low_poly_village_buildings/models/tower_lvl6.prefab
  artifactKey: Guid(1904a53e1a45ff64781a85c6743cb94f) Importer(815301076,1909f56bfc062723c751e8b465ee728b)
Start importing Assets/simple_low_poly_village_buildings/models/tower_lvl6.prefab using Guid(1904a53e1a45ff64781a85c6743cb94f) Importer(815301076,1909f56bfc062723c751e8b465ee728b)  -> (artifact id: '2e4487de18a9e71b34d622493f746180') in 0.031201 seconds 
========================================================================
Received Import Request.
  Time since last request: 0.000026 seconds.
  path: Assets/simple_low_poly_village_buildings/models/stone_ring.prefab
  artifactKey: Guid(81ee5a83a36d7424dbcee76f7015f4ab) Importer(815301076,1909f56bfc062723c751e8b465ee728b)
Start importing Assets/simple_low_poly_village_buildings/models/stone_ring.prefab using Guid(81ee5a83a36d7424dbcee76f7015f4ab) Importer(815301076,1909f56bfc062723c751e8b465ee728b)  -> (artifact id: 'aa2530c8e73aa1986f24d832e1b44864') in 0.021283 seconds 
========================================================================
Received Import Request.
  Time since last request: 0.000029 seconds.
  path: Assets/simple_low_poly_village_buildings/models/house_lvl6.prefab
  artifactKey: Guid(4e57f9310f885d9478aa886635d90188) Importer(815301076,1909f56bfc062723c751e8b465ee728b)
Start importing Assets/simple_low_poly_village_buildings/models/house_lvl6.prefab using Guid(4e57f9310f885d9478aa886635d90188) Importer(815301076,1909f56bfc062723c751e8b465ee728b)  -> (artifact id: '8868b7ecafb98a3bcc4e2f611685c99c') in 0.021086 seconds 
========================================================================
Received Import Request.
  Time since last request: 0.000029 seconds.
  path: Assets/simple_low_poly_village_buildings/models/house_lvl7.prefab
  artifactKey: Guid(e3fdc4200313b5e43973175595f50a82) Importer(815301076,1909f56bfc062723c751e8b465ee728b)
Start importing Assets/simple_low_poly_village_buildings/models/house_lvl7.prefab using Guid(e3fdc4200313b5e43973175595f50a82) Importer(815301076,1909f56bfc062723c751e8b465ee728b)  -> (artifact id: 'e59f1783540547554522f24af8a4a20d') in 0.027691 seconds 
========================================================================
Received Import Request.
  Time since last request: 0.000056 seconds.
  path: Assets/simple_low_poly_village_buildings/models/house_lvl4.prefab
  artifactKey: Guid(7908cc4dfd2040a49bdf1a7b45bcf55c) Importer(815301076,1909f56bfc062723c751e8b465ee728b)
Start importing Assets/simple_low_poly_village_buildings/models/house_lvl4.prefab using Guid(7908cc4dfd2040a49bdf1a7b45bcf55c) Importer(815301076,1909f56bfc062723c751e8b465ee728b)  -> (artifact id: 'b38a6ec95149586981894557d1e9b59d') in 0.028673 seconds 
========================================================================
Received Import Request.
  Time since last request: 0.000036 seconds.
  path: Assets/simple_low_poly_village_buildings/models/farm_lvl5.prefab
  artifactKey: Guid(5526a7870160e19499d29687ae4fb17a) Importer(815301076,1909f56bfc062723c751e8b465ee728b)
Start importing Assets/simple_low_poly_village_buildings/models/farm_lvl5.prefab using Guid(5526a7870160e19499d29687ae4fb17a) Importer(815301076,1909f56bfc062723c751e8b465ee728b)  -> (artifact id: '24a9cca576dea33b70cd34344d39150d') in 0.021757 seconds 
========================================================================
Received Import Request.
  Time since last request: 0.000387 seconds.
  path: Assets/simple_low_poly_village_buildings/models/carrot2.prefab
  artifactKey: Guid(331d71b41546cac4882040d57f3dd3d1) Importer(815301076,1909f56bfc062723c751e8b465ee728b)
Start importing Assets/simple_low_poly_village_buildings/models/carrot2.prefab using Guid(331d71b41546cac4882040d57f3dd3d1) Importer(815301076,1909f56bfc062723c751e8b465ee728b)  -> (artifact id: '71952e6092872c986abb805c0be68dbf') in 0.030009 seconds 
========================================================================
Received Import Request.
  Time since last request: 0.000026 seconds.
  path: Assets/simple_low_poly_village_buildings/models/tower_lvl7.prefab
  artifactKey: Guid(dd3aacc720f19b24eb93f961bb9b5057) Importer(815301076,1909f56bfc062723c751e8b465ee728b)
Start importing Assets/simple_low_poly_village_buildings/models/tower_lvl7.prefab using Guid(dd3aacc720f19b24eb93f961bb9b5057) Importer(815301076,1909f56bfc062723c751e8b465ee728b)  -> (artifact id: 'af7730964ff060b987337496a8fc7c9d') in 0.027445 seconds 
========================================================================
Received Import Request.
  Time since last request: 0.000087 seconds.
  path: Assets/simple_low_poly_village_buildings/models/house_lvl1.prefab
  artifactKey: Guid(122b0584add6e9641b3a798f66fa32a4) Importer(815301076,1909f56bfc062723c751e8b465ee728b)
Start importing Assets/simple_low_poly_village_buildings/models/house_lvl1.prefab using Guid(122b0584add6e9641b3a798f66fa32a4) Importer(815301076,1909f56bfc062723c751e8b465ee728b)  -> (artifact id: 'ac8970330a0c1da34c7bac721c40170e') in 0.025683 seconds 
========================================================================
Received Import Request.
  Time since last request: 0.000027 seconds.
  path: Assets/simple_low_poly_village_buildings/models/rock2.prefab
  artifactKey: Guid(e4430ef488b0c654c93c3e7102ddd17f) Importer(815301076,1909f56bfc062723c751e8b465ee728b)
Start importing Assets/simple_low_poly_village_buildings/models/rock2.prefab using Guid(e4430ef488b0c654c93c3e7102ddd17f) Importer(815301076,1909f56bfc062723c751e8b465ee728b)  -> (artifact id: 'dc96e1f73c21eee06ff1d8d60fc1e72f') in 0.024919 seconds 
========================================================================
Received Import Request.
  Time since last request: 0.000029 seconds.
  path: Assets/simple_low_poly_village_buildings/models/carrot1.prefab
  artifactKey: Guid(4bf49eda5e7f0bc4fa63c52b937a633a) Importer(815301076,1909f56bfc062723c751e8b465ee728b)
Start importing Assets/simple_low_poly_village_buildings/models/carrot1.prefab using Guid(4bf49eda5e7f0bc4fa63c52b937a633a) Importer(815301076,1909f56bfc062723c751e8b465ee728b)  -> (artifact id: '1543016c9ea1ce46b9d13a4f18097dc7') in 0.019958 seconds 
========================================================================
Received Import Request.
  Time since last request: 7.511229 seconds.
  path: Assets/simple_low_poly_village_buildings/materials
  artifactKey: Guid(dd2e59587d623694898bceb24fe69e58) Importer(815301076,1909f56bfc062723c751e8b465ee728b)
Start importing Assets/simple_low_poly_village_buildings/materials using Guid(dd2e59587d623694898bceb24fe69e58) Importer(815301076,1909f56bfc062723c751e8b465ee728b)  -> (artifact id: 'ffc78107205a06a471d1b1ffbddd5485') in 0.007987 seconds 
========================================================================
Received Import Request.
  Time since last request: 0.059236 seconds.
  path: Assets/simple_low_poly_village_buildings/materials/farms.mat
  artifactKey: Guid(94ad0811b82df0e44a78eadcefaf183b) Importer(815301076,1909f56bfc062723c751e8b465ee728b)
Start importing Assets/simple_low_poly_village_buildings/materials/farms.mat using Guid(94ad0811b82df0e44a78eadcefaf183b) Importer(815301076,1909f56bfc062723c751e8b465ee728b)  -> (artifact id: '4a4021f121577a92cf19ee9e34e6b729') in 0.050296 seconds 
========================================================================
Received Import Request.
  Time since last request: 0.000029 seconds.
  path: Assets/simple_low_poly_village_buildings/materials/towers.mat
  artifactKey: Guid(1ffd983d41367184a9b6cd4d2f45861d) Importer(815301076,1909f56bfc062723c751e8b465ee728b)
Start importing Assets/simple_low_poly_village_buildings/materials/towers.mat using Guid(1ffd983d41367184a9b6cd4d2f45861d) Importer(815301076,1909f56bfc062723c751e8b465ee728b)  -> (artifact id: '48bb344cdc6a7c450923329a07b98d4f') in 0.017615 seconds 
========================================================================
Received Import Request.
  Time since last request: 0.000042 seconds.
  path: Assets/simple_low_poly_village_buildings/materials/terrain.mat
  artifactKey: Guid(1f395abdd881bac48b3fdb6ed13439c0) Importer(815301076,1909f56bfc062723c751e8b465ee728b)
Start importing Assets/simple_low_poly_village_buildings/materials/terrain.mat using Guid(1f395abdd881bac48b3fdb6ed13439c0) Importer(815301076,1909f56bfc062723c751e8b465ee728b)  -> (artifact id: 'ec9de70d48e59fe047ad75174f10f7c6') in 0.027207 seconds 
========================================================================
Received Import Request.
  Time since last request: 1.489921 seconds.
  path: Assets/simple_low_poly_village_buildings/fbx
  artifactKey: Guid(79b4fcad62394d348ac4436bc307410e) Importer(815301076,1909f56bfc062723c751e8b465ee728b)
Start importing Assets/simple_low_poly_village_buildings/fbx using Guid(79b4fcad62394d348ac4436bc307410e) Importer(815301076,1909f56bfc062723c751e8b465ee728b)  -> (artifact id: 'aa522630ec6bb812fd8b5fa9a21a27a1') in 0.007809 seconds 
========================================================================
Received Import Request.
  Time since last request: 0.057263 seconds.
  path: Assets/simple_low_poly_village_buildings/fbx/barrel.FBX
  artifactKey: Guid(6f3f657341527b54db0e9162793f38d1) Importer(815301076,1909f56bfc062723c751e8b465ee728b)
Start importing Assets/simple_low_poly_village_buildings/fbx/barrel.FBX using Guid(6f3f657341527b54db0e9162793f38d1) Importer(815301076,1909f56bfc062723c751e8b465ee728b)  -> (artifact id: 'f94967b40532c920e053ca84101c4162') in 0.529956 seconds 
========================================================================
Received Import Request.
  Time since last request: 0.000029 seconds.
  path: Assets/simple_low_poly_village_buildings/fbx/crate.FBX
  artifactKey: Guid(598f592d5ee183c45acedfa472156b08) Importer(815301076,1909f56bfc062723c751e8b465ee728b)
Start importing Assets/simple_low_poly_village_buildings/fbx/crate.FBX using Guid(598f592d5ee183c45acedfa472156b08) Importer(815301076,1909f56bfc062723c751e8b465ee728b)  -> (artifact id: '982d30e9e161c6541177eb48c6004066') in 0.037469 seconds 
========================================================================
Received Import Request.
  Time since last request: 0.000037 seconds.
  path: Assets/simple_low_poly_village_buildings/fbx/farm_house_lvl3.FBX
  artifactKey: Guid(0d3e2bc1dc33ec84497ae9241324b3b7) Importer(815301076,1909f56bfc062723c751e8b465ee728b)
Start importing Assets/simple_low_poly_village_buildings/fbx/farm_house_lvl3.FBX using Guid(0d3e2bc1dc33ec84497ae9241324b3b7) Importer(815301076,1909f56bfc062723c751e8b465ee728b)  -> (artifact id: '439aaaabc804c1e1fac24ff836e5a963') in 0.039434 seconds 
========================================================================
Received Import Request.
  Time since last request: 0.000028 seconds.
  path: Assets/simple_low_poly_village_buildings/fbx/farm_house_lvl4.FBX
  artifactKey: Guid(e1089eea494164b48bfdd4b8f010c8fc) Importer(815301076,1909f56bfc062723c751e8b465ee728b)
Start importing Assets/simple_low_poly_village_buildings/fbx/farm_house_lvl4.FBX using Guid(e1089eea494164b48bfdd4b8f010c8fc) Importer(815301076,1909f56bfc062723c751e8b465ee728b)  -> (artifact id: 'c2afeb9b30e081d234929e5dff44002c') in 0.041424 seconds 
========================================================================
Received Import Request.
  Time since last request: 0.000034 seconds.
  path: Assets/simple_low_poly_village_buildings/fbx/carrot2.FBX
  artifactKey: Guid(154dfcdc0435cb2438e8be3c94fca365) Importer(815301076,1909f56bfc062723c751e8b465ee728b)
Start importing Assets/simple_low_poly_village_buildings/fbx/carrot2.FBX using Guid(154dfcdc0435cb2438e8be3c94fca365) Importer(815301076,1909f56bfc062723c751e8b465ee728b)  -> (artifact id: 'a63dea6a350d798bb7311f4b928a9d43') in 0.036341 seconds 
========================================================================
Received Import Request.
  Time since last request: 0.000579 seconds.
  path: Assets/simple_low_poly_village_buildings/fbx/farm_house_lvl6.FBX
  artifactKey: Guid(be84b5f204443574696ce59001b0d9e2) Importer(815301076,1909f56bfc062723c751e8b465ee728b)
Start importing Assets/simple_low_poly_village_buildings/fbx/farm_house_lvl6.FBX using Guid(be84b5f204443574696ce59001b0d9e2) Importer(815301076,1909f56bfc062723c751e8b465ee728b)  -> (artifact id: '425c135d305b4dc4bfed520bff15af71') in 0.036400 seconds 
========================================================================
Received Import Request.
  Time since last request: 0.000027 seconds.
  path: Assets/simple_low_poly_village_buildings/fbx/house_lvl1.FBX
  artifactKey: Guid(ee8eb427bf60afa48aadc18c3e83dafe) Importer(815301076,1909f56bfc062723c751e8b465ee728b)
Start importing Assets/simple_low_poly_village_buildings/fbx/house_lvl1.FBX using Guid(ee8eb427bf60afa48aadc18c3e83dafe) Importer(815301076,1909f56bfc062723c751e8b465ee728b)  -> (artifact id: 'cc4e427248a2574bfb34eeeea7c9626e') in 0.040762 seconds 
========================================================================
Received Import Request.
  Time since last request: 0.000361 seconds.
  path: Assets/simple_low_poly_village_buildings/fbx/shovel.FBX
  artifactKey: Guid(3f09f11ffc3a9ca4682312977e1164c3) Importer(815301076,1909f56bfc062723c751e8b465ee728b)
Start importing Assets/simple_low_poly_village_buildings/fbx/shovel.FBX using Guid(3f09f11ffc3a9ca4682312977e1164c3) Importer(815301076,1909f56bfc062723c751e8b465ee728b)  -> (artifact id: '83cdc4f1eedc6912060f010c29eb5b8a') in 0.034351 seconds 
========================================================================
Received Import Request.
  Time since last request: 0.000050 seconds.
  path: Assets/simple_low_poly_village_buildings/fbx/grass1.FBX
  artifactKey: Guid(e6a1de342b8a6be48a601da214ca52ef) Importer(815301076,1909f56bfc062723c751e8b465ee728b)
Start importing Assets/simple_low_poly_village_buildings/fbx/grass1.FBX using Guid(e6a1de342b8a6be48a601da214ca52ef) Importer(815301076,1909f56bfc062723c751e8b465ee728b)  -> (artifact id: '868c83e568a4b2fe04212f8c8d8baff8') in 0.033662 seconds 
========================================================================
Received Import Request.
  Time since last request: 0.000026 seconds.
  path: Assets/simple_low_poly_village_buildings/fbx/farm_lvl7.FBX
  artifactKey: Guid(47714fade9030154ab0473afb784568c) Importer(815301076,1909f56bfc062723c751e8b465ee728b)
Start importing Assets/simple_low_poly_village_buildings/fbx/farm_lvl7.FBX using Guid(47714fade9030154ab0473afb784568c) Importer(815301076,1909f56bfc062723c751e8b465ee728b)  -> (artifact id: '9007aedc6a904250b3e5a7f5cc92ca53') in 0.040363 seconds 
========================================================================
Received Import Request.
  Time since last request: 0.000024 seconds.
  path: Assets/simple_low_poly_village_buildings/fbx/fence.FBX
  artifactKey: Guid(aa2de1ce7a0b097438df952beb51607e) Importer(815301076,1909f56bfc062723c751e8b465ee728b)
Start importing Assets/simple_low_poly_village_buildings/fbx/fence.FBX using Guid(aa2de1ce7a0b097438df952beb51607e) Importer(815301076,1909f56bfc062723c751e8b465ee728b)  -> (artifact id: 'fe2a16db55dfc5407fd8ec31adbf7292') in 0.037080 seconds 
========================================================================
Received Import Request.
  Time since last request: 0.000023 seconds.
  path: Assets/simple_low_poly_village_buildings/fbx/hay2.FBX
  artifactKey: Guid(5b1b38ca52776154cbff6e7b9ae9a64c) Importer(815301076,1909f56bfc062723c751e8b465ee728b)
Start importing Assets/simple_low_poly_village_buildings/fbx/hay2.FBX using Guid(5b1b38ca52776154cbff6e7b9ae9a64c) Importer(815301076,1909f56bfc062723c751e8b465ee728b)  -> (artifact id: 'ea1f8392471891490e60492f7daacf56') in 0.034122 seconds 
========================================================================
Received Import Request.
  Time since last request: 0.000045 seconds.
  path: Assets/simple_low_poly_village_buildings/fbx/farm_lvl6.FBX
  artifactKey: Guid(dbaa07085d8352b40ba9e4382cfaad2b) Importer(815301076,1909f56bfc062723c751e8b465ee728b)
Start importing Assets/simple_low_poly_village_buildings/fbx/farm_lvl6.FBX using Guid(dbaa07085d8352b40ba9e4382cfaad2b) Importer(815301076,1909f56bfc062723c751e8b465ee728b)  -> (artifact id: '330c68b1c646c4615d04d4331d074c64') in 0.038234 seconds 
========================================================================
Received Import Request.
  Time since last request: 0.000035 seconds.
  path: Assets/simple_low_poly_village_buildings/fbx/house_lvl4.FBX
  artifactKey: Guid(c1491311318644f4686d01746b0851bf) Importer(815301076,1909f56bfc062723c751e8b465ee728b)
Start importing Assets/simple_low_poly_village_buildings/fbx/house_lvl4.FBX using Guid(c1491311318644f4686d01746b0851bf) Importer(815301076,1909f56bfc062723c751e8b465ee728b)  -> (artifact id: 'd83929fbd386608989ea77c123a15d2d') in 0.040401 seconds 
========================================================================
Received Import Request.
  Time since last request: 0.000042 seconds.
  path: Assets/simple_low_poly_village_buildings/fbx/carrot1.FBX
  artifactKey: Guid(1536a66daf31c6e4f8bebe317ea20547) Importer(815301076,1909f56bfc062723c751e8b465ee728b)
Start importing Assets/simple_low_poly_village_buildings/fbx/carrot1.FBX using Guid(1536a66daf31c6e4f8bebe317ea20547) Importer(815301076,1909f56bfc062723c751e8b465ee728b)  -> (artifact id: '5e31a7ca9b375b675a851416ee7da3e5') in 0.035151 seconds 
========================================================================
Received Import Request.
  Time since last request: 0.000027 seconds.
  path: Assets/simple_low_poly_village_buildings/fbx/tower_lvl2.FBX
  artifactKey: Guid(262a6ed0126b60642bb6bc7ddddbf99c) Importer(815301076,1909f56bfc062723c751e8b465ee728b)
Start importing Assets/simple_low_poly_village_buildings/fbx/tower_lvl2.FBX using Guid(262a6ed0126b60642bb6bc7ddddbf99c) Importer(815301076,1909f56bfc062723c751e8b465ee728b)  -> (artifact id: 'e7d841c14ff4bf4815c13780597d0925') in 0.047950 seconds 
========================================================================
Received Import Request.
  Time since last request: 0.000053 seconds.
  path: Assets/simple_low_poly_village_buildings/fbx/tomato1.FBX
  artifactKey: Guid(410d25e713d63e049895326e9b5f662a) Importer(815301076,1909f56bfc062723c751e8b465ee728b)
Start importing Assets/simple_low_poly_village_buildings/fbx/tomato1.FBX using Guid(410d25e713d63e049895326e9b5f662a) Importer(815301076,1909f56bfc062723c751e8b465ee728b)  -> (artifact id: '09fee2f5efd91c9d282d04ac5a0f422b') in 0.036608 seconds 
========================================================================
Received Import Request.
  Time since last request: 0.000029 seconds.
  path: Assets/simple_low_poly_village_buildings/fbx/rock1.FBX
  artifactKey: Guid(174a3c702f966a1438a96a9e71b25e2c) Importer(815301076,1909f56bfc062723c751e8b465ee728b)
Start importing Assets/simple_low_poly_village_buildings/fbx/rock1.FBX using Guid(174a3c702f966a1438a96a9e71b25e2c) Importer(815301076,1909f56bfc062723c751e8b465ee728b)  -> (artifact id: '5e5f100a3ec4d590b4c707e3da26d6ac') in 0.039294 seconds 
========================================================================
Received Import Request.
  Time since last request: 0.000027 seconds.
  path: Assets/simple_low_poly_village_buildings/fbx/stone_ring.FBX
  artifactKey: Guid(da466003c6ed751429374771167afcbf) Importer(815301076,1909f56bfc062723c751e8b465ee728b)
Start importing Assets/simple_low_poly_village_buildings/fbx/stone_ring.FBX using Guid(da466003c6ed751429374771167afcbf) Importer(815301076,1909f56bfc062723c751e8b465ee728b)  -> (artifact id: '862e58f7c7d94c2d17d1b54a36108cd3') in 0.040865 seconds 
========================================================================
Received Import Request.
  Time since last request: 0.000031 seconds.
  path: Assets/simple_low_poly_village_buildings/fbx/tower_lvl1.FBX
  artifactKey: Guid(d9cc2664702761e4e84869872ec27d9c) Importer(815301076,1909f56bfc062723c751e8b465ee728b)
Start importing Assets/simple_low_poly_village_buildings/fbx/tower_lvl1.FBX using Guid(d9cc2664702761e4e84869872ec27d9c) Importer(815301076,1909f56bfc062723c751e8b465ee728b)  -> (artifact id: '457ac74368deeed42082b3b533b3502e') in 0.047113 seconds 
========================================================================
Received Import Request.
  Time since last request: 0.000035 seconds.
  path: Assets/simple_low_poly_village_buildings/fbx/farm_house_lvl1.FBX
  artifactKey: Guid(821168d52db26ce4ab5bc520b943f1d1) Importer(815301076,1909f56bfc062723c751e8b465ee728b)
Start importing Assets/simple_low_poly_village_buildings/fbx/farm_house_lvl1.FBX using Guid(821168d52db26ce4ab5bc520b943f1d1) Importer(815301076,1909f56bfc062723c751e8b465ee728b)  -> (artifact id: '5550341a732edab5581c54de114bafe9') in 0.045324 seconds 
========================================================================
Received Import Request.
  Time since last request: 0.000400 seconds.
  path: Assets/simple_low_poly_village_buildings/fbx/farm_lvl3.FBX
  artifactKey: Guid(90c57a36af5b3fa4aa5139d3611f2004) Importer(815301076,1909f56bfc062723c751e8b465ee728b)
Start importing Assets/simple_low_poly_village_buildings/fbx/farm_lvl3.FBX using Guid(90c57a36af5b3fa4aa5139d3611f2004) Importer(815301076,1909f56bfc062723c751e8b465ee728b)  -> (artifact id: 'ae4d8bc41676ea2d51112ae4bcf8366c') in 0.036691 seconds 
========================================================================
Received Prepare
Registering precompiled user dll's ...
Registered in 0.003307 seconds.
Begin MonoManager ReloadAssembly
Native extension for WindowsStandalone target not found
Native extension for WebGL target not found
Refreshing native plugins compatible for Editor in 0.51 ms, found 2 plugins.
Preloading 0 native plugins for Editor in 0.00 ms.
Mono: successfully reloaded assembly
- Completed reload, in  1.319 seconds
Domain Reload Profiling:
	ReloadAssembly (1320ms)
		BeginReloadAssembly (162ms)
			ExecutionOrderSort (0ms)
			DisableScriptedObjects (7ms)
			BackupInstance (0ms)
			ReleaseScriptingObjects (0ms)
			CreateAndSetChildDomain (38ms)
		EndReloadAssembly (1016ms)
			LoadAssemblies (106ms)
			RebuildTransferFunctionScriptingTraits (0ms)
			SetupTypeCache (252ms)
			ReleaseScriptCaches (1ms)
			RebuildScriptCaches (60ms)
			SetupLoadedEditorAssemblies (525ms)
				LogAssemblyErrors (0ms)
				InitializePlatformSupportModulesInManaged (18ms)
				SetLoadedEditorAssemblies (1ms)
				RefreshPlugins (1ms)
				BeforeProcessingInitializeOnLoad (60ms)
				ProcessInitializeOnLoadAttributes (375ms)
				ProcessInitializeOnLoadMethodAttributes (58ms)
				AfterProcessingInitializeOnLoad (11ms)
				EditorAssembliesLoaded (0ms)
			ExecutionOrderSort2 (0ms)
			AwakeInstancesAfterBackupRestoration (20ms)
Platform modules already initialized, skipping
Refreshing native plugins compatible for Editor in 1.42 ms, found 2 plugins.
Preloading 0 native plugins for Editor in 0.00 ms.
Unloading 1681 Unused Serialized files (Serialized files now loaded: 0)
Unloading 12 unused Assets / (24.6 KB). Loaded Objects now: 2217.
Memory consumption went from 77.1 MB to 77.0 MB.
Total: 4.219600 ms (FindLiveObjects: 0.163400 ms CreateObjectMapping: 0.059300 ms MarkObjects: 3.962700 ms  DeleteObjects: 0.032900 ms)

AssetImportParameters requested are different than current active one (requested -> active):
  custom:video-decoder-ogg-theora: a1e56fd34408186e4bbccfd4996cb3dc -> 
  custom:container-muxer-webm: aa71ff27fc2769a1b78a27578f13a17b -> 
  custom:container-demuxer-webm: 4f35f7cbe854078d1ac9338744f61a02 -> 
  custom:video-encoder-webm-vp8: eb34c28f22e8b96e1ab97ce403110664 -> 
  custom:audio-encoder-webm-vorbis: bf7c407c2cedff20999df2af8eb42d56 -> 
  custom:framework-win-MediaFoundation: 216162199b28c13a410421893ffa2e32 -> 
  custom:container-demuxer-ogg: 62fdf1f143b41e24485cea50d1cbac27 -> 
  custom:video-decoder-webm-vp8: 9c59270c3fd7afecdb556c50c9e8de78 -> 
  custom:audio-decoder-ogg-vorbis: bf7c407c2cedff20999df2af8eb42d56 -> 
